2024-02-25 18:44:21,479 [INFO] Activator:176 - 


2024-02-25 18:44:21,480 [INFO] Activator:177 - !SESSION log4j initialized
2024-02-25 18:44:23,340 [INFO] LogOutputStream:77 - [STDOUT_REDIRECT] 
2024-02-25 18:44:29,045 [INFO] ApplicationProperties:184 - Using Application install path: C:\ST\STM32CubeIDE_1.14.0\STM32CubeIDE\plugins\com.st.stm32cube.common.mx_6.10.0.202311202037
2024-02-25 18:44:29,059 [INFO] DbMcusXml:78 - Set database path to: C:\ST\STM32CubeIDE_1.14.0\STM32CubeIDE\plugins\com.st.stm32cube.common.mx_6.10.0.202311202037\\db\/mcu/
2024-02-25 18:44:29,059 [INFO] ApiDb:274 - Set plugin database path to: C:\ST\STM32CubeIDE_1.14.0\STM32CubeIDE\plugins\com.st.stm32cube.common.mx_6.10.0.202311202037\\db\/plugins/boardmanager/
2024-02-25 18:44:29,059 [WARN] ApiDb:259 - Overriding images path with different value:  => C:\ST\STM32CubeIDE_1.14.0\STM32CubeIDE\plugins\com.st.stm32cube.common.mx_6.10.0.202311202037\\db\/plugins/mcufinder/images/
2024-02-25 18:44:29,064 [INFO] ApiDb:250 - Set database path to: C:\Users\mt150\.stmcufinder\plugins\mcufinder//mcu/
2024-02-25 18:44:29,065 [INFO] DbMcusAds:125 - Set database path to: C:\Users\mt150\.stmcufinder\plugins\mcufinder//mcu/
2024-02-25 18:44:29,066 [INFO] CrossReferenceDbSqlite:203 - Set database path to: C:\Users\mt150\.stmcufinder\plugins\mcufinder//mcu/cs/
2024-02-25 18:44:29,132 [INFO] RulesReader:64 - Compatibility file has been processed (297 Rules)
2024-02-25 18:44:29,192 [INFO] DbMcusXml:78 - Set database path to: C:\ST\STM32CubeIDE_1.14.0\STM32CubeIDE\plugins\com.st.stm32cube.common.mx_6.10.0.202311202037\\db\/mcu/
2024-02-25 18:44:29,193 [INFO] ApiDb:274 - Set plugin database path to: C:\ST\STM32CubeIDE_1.14.0\STM32CubeIDE\plugins\com.st.stm32cube.common.mx_6.10.0.202311202037\\db\/plugins/boardmanager/
2024-02-25 18:44:29,193 [INFO] ApiDb:261 - Set plugin images path to: C:\ST\STM32CubeIDE_1.14.0\STM32CubeIDE\plugins\com.st.stm32cube.common.mx_6.10.0.202311202037\\db\/plugins/mcufinder/images/
2024-02-25 18:44:29,193 [WARN] DbFile:41 - Overriding database path with different value: C:\Users\mt150\.stmcufinder\plugins\mcufinder/ => C:\Users\mt150\.stmcufinder\plugins\mcufinder
2024-02-25 18:44:29,193 [INFO] ApiDb:250 - Set database path to: C:\Users\mt150\.stmcufinder\plugins\mcufinder//mcu/
2024-02-25 18:44:29,193 [WARN] DbFile:41 - Overriding database path with different value: C:\Users\mt150\.stmcufinder\plugins\mcufinder/ => C:\Users\mt150\.stmcufinder\plugins\mcufinder
2024-02-25 18:44:29,193 [INFO] DbMcusAds:125 - Set database path to: C:\Users\mt150\.stmcufinder\plugins\mcufinder//mcu/
2024-02-25 18:44:29,193 [WARN] DbFile:41 - Overriding database path with different value: C:\Users\mt150\.stmcufinder\plugins\mcufinder/ => C:\Users\mt150\.stmcufinder\plugins\mcufinder
2024-02-25 18:44:29,193 [WARN] DbFile:41 - Overriding database path with different value: C:\Users\mt150\.stmcufinder\plugins\mcufinder/ => C:\Users\mt150\.stmcufinder\plugins\mcufinder
2024-02-25 18:44:29,193 [INFO] CrossReferenceDbSqlite:203 - Set database path to: C:\Users\mt150\.stmcufinder\plugins\mcufinder//mcu/cs/
2024-02-25 18:44:29,245 [INFO] MainPanel:264 - HeapMemory: 268435456
2024-02-25 18:44:29,304 [INFO] DbMcusXml:78 - Set database path to: C:\ST\STM32CubeIDE_1.14.0\STM32CubeIDE\plugins\com.st.stm32cube.common.mx_6.10.0.202311202037\\db\/mcu/
2024-02-25 18:44:29,304 [INFO] ApiDb:274 - Set plugin database path to: C:\ST\STM32CubeIDE_1.14.0\STM32CubeIDE\plugins\com.st.stm32cube.common.mx_6.10.0.202311202037\\db\/plugins/boardmanager/
2024-02-25 18:44:29,304 [INFO] ApiDb:261 - Set plugin images path to: C:\ST\STM32CubeIDE_1.14.0\STM32CubeIDE\plugins\com.st.stm32cube.common.mx_6.10.0.202311202037\\db\/plugins/mcufinder/images/
2024-02-25 18:44:29,304 [WARN] DbFile:41 - Overriding database path with different value: C:\Users\mt150\.stmcufinder\plugins\mcufinder/ => C:\Users\mt150\.stmcufinder\plugins\mcufinder
2024-02-25 18:44:29,304 [INFO] ApiDb:250 - Set database path to: C:\Users\mt150\.stmcufinder\plugins\mcufinder//mcu/
2024-02-25 18:44:29,305 [WARN] DbFile:41 - Overriding database path with different value: C:\Users\mt150\.stmcufinder\plugins\mcufinder/ => C:\Users\mt150\.stmcufinder\plugins\mcufinder
2024-02-25 18:44:29,305 [INFO] DbMcusAds:125 - Set database path to: C:\Users\mt150\.stmcufinder\plugins\mcufinder//mcu/
2024-02-25 18:44:29,305 [WARN] DbFile:41 - Overriding database path with different value: C:\Users\mt150\.stmcufinder\plugins\mcufinder/ => C:\Users\mt150\.stmcufinder\plugins\mcufinder
2024-02-25 18:44:29,305 [WARN] DbFile:41 - Overriding database path with different value: C:\Users\mt150\.stmcufinder\plugins\mcufinder/ => C:\Users\mt150\.stmcufinder\plugins\mcufinder
2024-02-25 18:44:29,305 [INFO] CrossReferenceDbSqlite:203 - Set database path to: C:\Users\mt150\.stmcufinder\plugins\mcufinder//mcu/cs/
2024-02-25 18:44:29,317 [INFO] ApplicationProperties:184 - Using Application install path: C:\ST\STM32CubeIDE_1.14.0\STM32CubeIDE\plugins\com.st.stm32cube.common.mx_6.10.0.202311202037
2024-02-25 18:44:29,318 [INFO] PluginManage:196 - Search for loadable plugins [exclusion list=, ]
2024-02-25 18:44:29,318 [INFO] PluginManage:310 - Check plugin analytics
2024-02-25 18:44:33,966 [INFO] AnalyticsPlugin:253 - Accepted Software Licenses: 
2024-02-25 18:44:33,966 [INFO] AnalyticsPlugin:255 - Accepted CMSIS Pack Licenses: 
2024-02-25 18:44:33,966 [INFO] AnalyticsPlugin:257 - Accepted Firmware Licenses: 
2024-02-25 18:44:33,968 [INFO] PluginManage:359 - Loaded plugin analytics (category:tool,tabindex:-1)
2024-02-25 18:44:33,968 [INFO] PluginManage:310 - Check plugin cadmodel
2024-02-25 18:44:33,972 [INFO] CADModel:105 - Init CAD model plugin
2024-02-25 18:44:33,972 [INFO] PluginManage:359 - Loaded plugin cadmodel (category:power,tabindex:5)
2024-02-25 18:44:33,972 [INFO] PluginManage:310 - Check plugin clock
2024-02-25 18:44:33,979 [INFO] PluginManage:359 - Loaded plugin clock (category:base,tabindex:2)
2024-02-25 18:44:33,979 [INFO] PluginManage:310 - Check plugin ddr
2024-02-25 18:44:33,981 [INFO] PluginManage:359 - Loaded plugin ddr (category:tool,tabindex:6)
2024-02-25 18:44:33,981 [INFO] PluginManage:310 - Check plugin filemanager
2024-02-25 18:44:34,104 [INFO] PluginManage:359 - Loaded plugin filemanager (category:base,tabindex:10)
2024-02-25 18:44:34,104 [INFO] PluginManage:310 - Check plugin ipmanager
2024-02-25 18:44:34,109 [INFO] PluginManage:359 - Loaded plugin ipmanager (category:base,tabindex:5)
2024-02-25 18:44:34,109 [INFO] PluginManage:310 - Check plugin lpbam
2024-02-25 18:44:34,114 [INFO] PluginManage:359 - Loaded plugin lpbam (category:base,tabindex:0)
2024-02-25 18:44:34,114 [INFO] PluginManage:310 - Check plugin memorymap
2024-02-25 18:44:34,123 [INFO] PluginManage:359 - Loaded plugin memorymap (category:base,tabindex:4)
2024-02-25 18:44:34,123 [INFO] PluginManage:310 - Check plugin pinoutandconfiguration
2024-02-25 18:44:34,127 [INFO] PluginManage:359 - Loaded plugin pinoutandconfiguration (category:base,tabindex:1)
2024-02-25 18:44:34,127 [INFO] PluginManage:310 - Check plugin pinoutconfig
2024-02-25 18:44:34,179 [WARN] SupportedApi:132 - Cannot load RTOS API schema: s4s-elt-must-match.1: The content of 'definitions' must match (annotation?, (simpleType | complexType)?, (unique | key | keyref)*)). A problem was found starting at: attribute.
2024-02-25 18:44:34,261 [INFO] PluginManage:359 - Loaded plugin pinoutconfig (category:base,tabindex:0)
2024-02-25 18:44:34,262 [INFO] PluginManage:310 - Check plugin power
2024-02-25 18:44:34,267 [INFO] PluginManage:359 - Loaded plugin power (category:power,tabindex:4)
2024-02-25 18:44:34,268 [INFO] PluginManage:310 - Check plugin projectmanager
2024-02-25 18:44:34,278 [INFO] PluginManage:359 - Loaded plugin projectmanager (category:projectmanager,tabindex:3)
2024-02-25 18:44:34,278 [INFO] PluginManage:310 - Check plugin thirdparty
2024-02-25 18:44:34,361 [INFO] PluginManage:359 - Loaded plugin thirdparty (category:base,tabindex:-1)
2024-02-25 18:44:34,361 [INFO] PluginManage:310 - Check plugin tools
2024-02-25 18:44:34,361 [WARN] IntegrityCheckThread:84 - waiting for thirdparty lock release [integrity check]
2024-02-25 18:44:34,361 [INFO] IntegrityCheckThread:86 - entering critical section [integrity check]
2024-02-25 18:44:34,361 [INFO] ThirdPartyUpdaterWithRetryManager:70 - Updater plugin not ready yet. [1/15]
2024-02-25 18:44:34,363 [INFO] PluginManage:359 - Loaded plugin tools (category:base,tabindex:7)
2024-02-25 18:44:34,363 [INFO] PluginManage:310 - Check plugin tutovideos
2024-02-25 18:44:34,485 [INFO] PluginManage:359 - Loaded plugin tutovideos (category:base,tabindex:-1)
2024-02-25 18:44:34,485 [INFO] PluginManage:310 - Check plugin updater
2024-02-25 18:44:34,493 [INFO] PluginManage:359 - Loaded plugin updater (category:base,tabindex:12)
2024-02-25 18:44:34,493 [INFO] PluginManage:310 - Check plugin userauth
2024-02-25 18:44:34,497 [INFO] UserAuth:114 - Init User Auth plugin
2024-02-25 18:44:34,497 [INFO] PluginManage:359 - Loaded plugin userauth (category:base,tabindex:14)
2024-02-25 18:44:34,497 [INFO] PluginManage:283 - PluginManage : Loaded plugins [17]
2024-02-25 18:44:34,637 [INFO] PinOutPanel:1499 - setPackage(No Configuration,No Configuration)
2024-02-25 18:44:34,689 [INFO] CADModel:165 - CPN selected for project level
2024-02-25 18:44:34,689 [INFO] CADModel:114 - Register for checkConnection events
2024-02-25 18:44:34,699 [INFO] IPUIPlugin:80 - create IPUIPlugin
2024-02-25 18:44:34,699 [INFO] PluginManager:220 - loadIPPluginJar : add adc
2024-02-25 18:44:34,701 [INFO] IPUIPlugin:80 - create IPUIPlugin
2024-02-25 18:44:34,701 [INFO] PluginManager:220 - loadIPPluginJar : add aes
2024-02-25 18:44:34,703 [INFO] IPUIPlugin:80 - create IPUIPlugin
2024-02-25 18:44:34,703 [INFO] PluginManager:220 - loadIPPluginJar : add can
2024-02-25 18:44:34,704 [INFO] IPUIPlugin:80 - create IPUIPlugin
2024-02-25 18:44:34,704 [INFO] PluginManager:220 - loadIPPluginJar : add comp
2024-02-25 18:44:34,706 [INFO] IPUIPlugin:80 - create IPUIPlugin
2024-02-25 18:44:34,706 [INFO] PluginManager:220 - loadIPPluginJar : add cryp
2024-02-25 18:44:34,708 [INFO] IPUIPlugin:80 - create IPUIPlugin
2024-02-25 18:44:34,708 [INFO] PluginManager:220 - loadIPPluginJar : add dfsdm
2024-02-25 18:44:34,712 [INFO] IPUIPlugin:80 - create IPUIPlugin
2024-02-25 18:44:34,713 [INFO] PluginManager:220 - loadIPPluginJar : add dma
2024-02-25 18:44:34,714 [INFO] IPUIPlugin:80 - create IPUIPlugin
2024-02-25 18:44:34,714 [INFO] PluginManager:220 - loadIPPluginJar : add dma3
2024-02-25 18:44:34,716 [INFO] IPUIPlugin:80 - create IPUIPlugin
2024-02-25 18:44:34,716 [INFO] PluginManager:220 - loadIPPluginJar : add fatfs
2024-02-25 18:44:34,719 [INFO] IPUIPlugin:80 - create IPUIPlugin
2024-02-25 18:44:34,719 [INFO] PluginManager:220 - loadIPPluginJar : add fmc
2024-02-25 18:44:34,723 [INFO] IPUIPlugin:80 - create IPUIPlugin
2024-02-25 18:44:34,723 [INFO] PluginManager:220 - loadIPPluginJar : add freertos
2024-02-25 18:44:34,724 [INFO] IPUIPlugin:80 - create IPUIPlugin
2024-02-25 18:44:34,724 [INFO] PluginManager:220 - loadIPPluginJar : add genericplugin
2024-02-25 18:44:34,726 [INFO] IPUIPlugin:80 - create IPUIPlugin
2024-02-25 18:44:34,726 [INFO] PluginManager:220 - loadIPPluginJar : add gfxmmu
2024-02-25 18:44:34,729 [INFO] IPUIPlugin:80 - create IPUIPlugin
2024-02-25 18:44:34,729 [INFO] PluginManager:220 - loadIPPluginJar : add gic
2024-02-25 18:44:34,732 [INFO] IPUIPlugin:80 - create IPUIPlugin
2024-02-25 18:44:34,732 [INFO] PluginManager:220 - loadIPPluginJar : add gpio
2024-02-25 18:44:34,734 [INFO] IPUIPlugin:80 - create IPUIPlugin
2024-02-25 18:44:34,734 [INFO] PluginManager:220 - loadIPPluginJar : add gtzc
2024-02-25 18:44:34,735 [INFO] IPUIPlugin:80 - create IPUIPlugin
2024-02-25 18:44:34,735 [INFO] PluginManager:220 - loadIPPluginJar : add hash
2024-02-25 18:44:34,737 [INFO] IPUIPlugin:80 - create IPUIPlugin
2024-02-25 18:44:34,737 [INFO] PluginManager:220 - loadIPPluginJar : add i2c
2024-02-25 18:44:34,738 [INFO] IPUIPlugin:80 - create IPUIPlugin
2024-02-25 18:44:34,738 [INFO] PluginManager:220 - loadIPPluginJar : add i2s
2024-02-25 18:44:34,740 [INFO] IPUIPlugin:80 - create IPUIPlugin
2024-02-25 18:44:34,740 [INFO] PluginManager:220 - loadIPPluginJar : add i3c
2024-02-25 18:44:34,742 [INFO] IPUIPlugin:80 - create IPUIPlugin
2024-02-25 18:44:34,742 [INFO] PluginManager:220 - loadIPPluginJar : add ipddr
2024-02-25 18:44:34,747 [INFO] IPUIPlugin:80 - create IPUIPlugin
2024-02-25 18:44:34,747 [INFO] PluginManager:220 - loadIPPluginJar : add linkedlist
2024-02-25 18:44:34,749 [INFO] IPUIPlugin:80 - create IPUIPlugin
2024-02-25 18:44:34,749 [INFO] PluginManager:220 - loadIPPluginJar : add lorawan
2024-02-25 18:44:34,750 [INFO] IPUIPlugin:80 - create IPUIPlugin
2024-02-25 18:44:34,750 [INFO] PluginManager:220 - loadIPPluginJar : add ltdc
2024-02-25 18:44:34,753 [INFO] IPUIPlugin:80 - create IPUIPlugin
2024-02-25 18:44:34,753 [INFO] PluginManager:220 - loadIPPluginJar : add mdma
2024-02-25 18:44:34,755 [INFO] IPUIPlugin:80 - create IPUIPlugin
2024-02-25 18:44:34,756 [INFO] PluginManager:220 - loadIPPluginJar : add nvic
2024-02-25 18:44:34,757 [INFO] IPUIPlugin:80 - create IPUIPlugin
2024-02-25 18:44:34,757 [INFO] PluginManager:220 - loadIPPluginJar : add opamp
2024-02-25 18:44:34,759 [INFO] IPUIPlugin:80 - create IPUIPlugin
2024-02-25 18:44:34,759 [INFO] PluginManager:220 - loadIPPluginJar : add openamp
2024-02-25 18:44:34,761 [INFO] IPUIPlugin:80 - create IPUIPlugin
2024-02-25 18:44:34,761 [INFO] PluginManager:220 - loadIPPluginJar : add pdm2pcm
2024-02-25 18:44:34,766 [INFO] IPUIPlugin:80 - create IPUIPlugin
2024-02-25 18:44:34,768 [INFO] PluginManager:220 - loadIPPluginJar : add plateformsettings
2024-02-25 18:44:34,769 [INFO] IPUIPlugin:80 - create IPUIPlugin
2024-02-25 18:44:34,769 [INFO] PluginManager:220 - loadIPPluginJar : add quadspi
2024-02-25 18:44:34,771 [INFO] IPUIPlugin:80 - create IPUIPlugin
2024-02-25 18:44:34,771 [INFO] PluginManager:220 - loadIPPluginJar : add resmgrutility
2024-02-25 18:44:34,773 [INFO] IPUIPlugin:80 - create IPUIPlugin
2024-02-25 18:44:34,773 [INFO] PluginManager:220 - loadIPPluginJar : add sai
2024-02-25 18:44:34,775 [INFO] IPUIPlugin:80 - create IPUIPlugin
2024-02-25 18:44:34,775 [INFO] PluginManager:220 - loadIPPluginJar : add spi
2024-02-25 18:44:34,778 [INFO] IPUIPlugin:80 - create IPUIPlugin
2024-02-25 18:44:34,778 [INFO] PluginManager:220 - loadIPPluginJar : add stm32_wpan
2024-02-25 18:44:34,779 [INFO] IPUIPlugin:80 - create IPUIPlugin
2024-02-25 18:44:34,779 [INFO] PluginManager:220 - loadIPPluginJar : add tim
2024-02-25 18:44:34,781 [INFO] IPUIPlugin:80 - create IPUIPlugin
2024-02-25 18:44:34,781 [INFO] PluginManager:220 - loadIPPluginJar : add touchsensing
2024-02-25 18:44:34,783 [INFO] IPUIPlugin:80 - create IPUIPlugin
2024-02-25 18:44:34,783 [INFO] PluginManager:220 - loadIPPluginJar : add tracer_emb
2024-02-25 18:44:34,784 [INFO] IPUIPlugin:80 - create IPUIPlugin
2024-02-25 18:44:34,784 [INFO] PluginManager:220 - loadIPPluginJar : add ts
2024-02-25 18:44:34,785 [INFO] IPUIPlugin:80 - create IPUIPlugin
2024-02-25 18:44:34,785 [INFO] PluginManager:220 - loadIPPluginJar : add tsc
2024-02-25 18:44:34,786 [INFO] IPUIPlugin:80 - create IPUIPlugin
2024-02-25 18:44:34,786 [INFO] PluginManager:220 - loadIPPluginJar : add ucpd
2024-02-25 18:44:34,788 [INFO] IPUIPlugin:80 - create IPUIPlugin
2024-02-25 18:44:34,788 [INFO] PluginManager:220 - loadIPPluginJar : add usart
2024-02-25 18:44:34,790 [INFO] IPUIPlugin:80 - create IPUIPlugin
2024-02-25 18:44:34,790 [INFO] PluginManager:220 - loadIPPluginJar : add usbx
2024-02-25 18:44:34,898 [INFO] CADModel:165 - CPN selected for project level
2024-02-25 18:44:34,898 [INFO] CADModel:114 - Register for checkConnection events
2024-02-25 18:44:34,898 [FATAL] Updater:308 - Updater called before beeing initialized
2024-02-25 18:44:34,899 [ERROR] CADModel:125 - Updater not yet initialized, retry later 
2024-02-25 18:44:35,013 [INFO] CADModel:165 - CPN selected for project level
2024-02-25 18:44:35,013 [INFO] CADModel:114 - Register for checkConnection events
2024-02-25 18:44:35,014 [FATAL] Updater:308 - Updater called before beeing initialized
2024-02-25 18:44:35,014 [ERROR] CADModel:125 - Updater not yet initialized, retry later 
2024-02-25 18:44:35,016 [FATAL] Updater:308 - Updater called before beeing initialized
2024-02-25 18:44:35,088 [FATAL] Updater:308 - Updater called before beeing initialized
2024-02-25 18:44:35,090 [INFO] DbMcusAds:53 - JSON generation date=Wed Nov 29 11:52:27 CET 2023 (1701255147349)
2024-02-25 18:44:35,090 [FATAL] Updater:308 - Updater called before beeing initialized
2024-02-25 18:44:35,116 [WARN] DetailPanel:346 - Failed to get advertising image, set to default
2024-02-25 18:44:35,182 [FATAL] Updater:308 - Updater called before beeing initialized
2024-02-25 18:44:35,184 [FATAL] Updater:308 - Updater called before beeing initialized
2024-02-25 18:44:35,184 [FATAL] Updater:308 - Updater called before beeing initialized
2024-02-25 18:44:35,184 [WARN] DetailPanel:346 - Failed to get advertising image, set to default
2024-02-25 18:44:35,185 [FATAL] Updater:308 - Updater called before beeing initialized
2024-02-25 18:44:35,216 [ERROR] Updater:1120 - MainUpdater not yet initialized. External WinMGr cannot be set.
2024-02-25 18:44:35,219 [INFO] Updater:1056 - Updater Version found : 6.10.0
2024-02-25 18:44:35,232 [INFO] ApplicationProperties:184 - Using Application install path: C:\ST\STM32CubeIDE_1.14.0\STM32CubeIDE\plugins\com.st.stm32cube.common.mx_6.10.0.202311202037
2024-02-25 18:44:36,798 [ERROR] LogOutputStream:75 - [STDERR_REDIRECT] Feb 25, 2024 6:44:36 PM java.util.prefs.WindowsPreferences <init>
2024-02-25 18:44:36,799 [ERROR] LogOutputStream:75 - [STDERR_REDIRECT] WARNING: Could not open/create prefs root node Software\JavaSoft\Prefs at root 0xffffffff80000002. Windows RegCreateKeyEx(...) returned error code 5.
2024-02-25 18:44:36,800 [ERROR] LogOutputStream:75 - [STDERR_REDIRECT] 
2024-02-25 18:44:37,092 [INFO] MainUpdater:2873 - connection check result : 10
2024-02-25 18:44:37,093 [INFO] MainUpdater:290 - Updater Check For Update Now.
2024-02-25 18:44:37,093 [INFO] MicroXplorer:498 - Change Database Version : DB.6.0.100
2024-02-25 18:44:37,098 [INFO] McuFinderGlobals:63 - Set McuFinder mode to 2 (CubeIDE integrated)
2024-02-25 18:44:37,098 [INFO] UserAuth:180 - activating auth plugin
2024-02-25 18:44:37,099 [INFO] UserAuth:404 - Internet connection configuration mode: 1
2024-02-25 18:44:37,122 [INFO] JxBrowserEngine:152 - Initiate JxBrowser Engine with user profile folder
2024-02-25 18:44:37,243 [INFO] CheckServerUpdateThread:120 - End of CheckServer Thread
2024-02-25 18:44:37,534 [WARN] PackLoader:240 - Cannot read IP mode file for STMicroelectronics.X-CUBE-SMBUS.2.1.0
2024-02-25 18:44:37,540 [WARN] PackLoader:240 - Cannot read IP mode file for STMicroelectronics.X-CUBE-TOUCHGFX.4.23.0
2024-02-25 18:44:37,543 [INFO] WebApp:161 - Instantiating new browser for Auth
2024-02-25 18:44:37,573 [WARN] PackLoader:240 - Cannot read IP mode file for STMicroelectronics.X-CUBE-AZRTOS-F7.1.1.0
2024-02-25 18:44:37,588 [WARN] PackLoader:240 - Cannot read IP mode file for STMicroelectronics.FP-SNS-MOTENV1.4.3.2
2024-02-25 18:44:37,595 [WARN] PackLoader:240 - Cannot read IP mode file for STMicroelectronics.FP-SNS-FLIGHT1.5.0.2
2024-02-25 18:44:37,603 [WARN] PackLoader:240 - Cannot read IP mode file for STMicroelectronics.X-CUBE-DISPLAY.3.0.0
2024-02-25 18:44:37,617 [WARN] PackLoader:240 - Cannot read IP mode file for STMicroelectronics.X-CUBE-BLE1.7.0.0
2024-02-25 18:44:37,622 [WARN] PackLoader:240 - Cannot read IP mode file for emotas.I-CUBE-CANOPEN.1.3.0
2024-02-25 18:44:37,627 [WARN] PackLoader:240 - Cannot read IP mode file for STMicroelectronics.FP-SNS-SMARTAG2.1.2.0
2024-02-25 18:44:37,637 [INFO] LogOutputStream:77 - [STDOUT_REDIRECT] 1 : Invalid condition id : UX_CORESTACK_Condition cause : null
2024-02-25 18:44:37,638 [INFO] LogOutputStream:77 - [STDOUT_REDIRECT] 1 : Invalid condition id : UX_CORESTACK_Condition cause : null
2024-02-25 18:44:37,639 [INFO] LogOutputStream:77 - [STDOUT_REDIRECT] 1 : Invalid condition id : UX_CORESTACK_Condition cause : null
2024-02-25 18:44:37,640 [INFO] LogOutputStream:77 - [STDOUT_REDIRECT] 1 : Invalid condition id : UX_CORESTACK_Condition cause : null
2024-02-25 18:44:37,641 [INFO] LogOutputStream:77 - [STDOUT_REDIRECT] 1 : Invalid condition id : UX_CORESTACK_Condition cause : null
2024-02-25 18:44:37,645 [WARN] PackLoader:240 - Cannot read IP mode file for STMicroelectronics.X-CUBE-AZRTOS-WL.2.0.0
2024-02-25 18:44:37,656 [WARN] PackLoader:240 - Cannot read IP mode file for WES.I-CUBE-Cesium.1.3.0
2024-02-25 18:44:37,661 [WARN] PackLoader:240 - Cannot read IP mode file for STMicroelectronics.X-CUBE-BLE2.3.3.0
2024-02-25 18:44:37,668 [WARN] PackLoader:240 - Cannot read IP mode file for STMicroelectronics.X-CUBE-ALGOBUILD.1.3.0
2024-02-25 18:44:37,685 [WARN] PackLoader:240 - Cannot read IP mode file for STMicroelectronics.X-CUBE-AZRTOS-G0.1.1.0
2024-02-25 18:44:37,693 [WARN] PackLoader:240 - Cannot read IP mode file for STMicroelectronics.X-CUBE-NFC4.3.0.0
2024-02-25 18:44:37,703 [WARN] PackLoader:240 - Cannot read IP mode file for STMicroelectronics.X-CUBE-BLEMGR.3.0.0
2024-02-25 18:44:37,709 [WARN] PackLoader:240 - Cannot read IP mode file for STMicroelectronics.FP-ATR-SIGFOX1.3.2.0
2024-02-25 18:44:37,715 [WARN] PackLoader:240 - Cannot read IP mode file for STMicroelectronics.X-CUBE-EEPRMA1.5.1.0
2024-02-25 18:44:37,749 [WARN] PackLoader:240 - Cannot read IP mode file for SEGGER.I-CUBE-embOS.1.3.1
2024-02-25 18:44:37,777 [WARN] PackLoader:240 - Cannot read IP mode file for STMicroelectronics.X-CUBE-GNSS1.6.0.0
2024-02-25 18:44:37,790 [WARN] PackLoader:240 - Cannot read IP mode file for STMicroelectronics.X-CUBE-AZRTOS-F4.1.1.0
2024-02-25 18:44:37,796 [WARN] PackLoader:240 - Cannot read IP mode file for wolfSSL.I-CUBE-wolfSSL.5.6.6
2024-02-25 18:44:37,806 [WARN] PackLoader:240 - Cannot read IP mode file for STMicroelectronics.X-CUBE-AZRTOS-L5.2.0.0
2024-02-25 18:44:37,811 [WARN] PackLoader:240 - Cannot read IP mode file for STMicroelectronics.X-CUBE-EEPRMA1.4.2.0
2024-02-25 18:44:37,816 [WARN] PackLoader:240 - Cannot read IP mode file for ITTIA_DB.I-CUBE-ITTIADB.8.8.0
2024-02-25 18:44:37,820 [WARN] PackLoader:240 - Cannot read IP mode file for STMicroelectronics.X-CUBE-NFC7.1.0.1
2024-02-25 18:44:37,831 [WARN] PackLoader:240 - Cannot read IP mode file for STMicroelectronics.X-CUBE-NFC6.3.0.0
2024-02-25 18:44:37,836 [WARN] PackLoader:240 - Cannot read IP mode file for STMicroelectronics.X-CUBE-AI.8.1.0
2024-02-25 18:44:37,848 [WARN] ConditionMgr:438 - getConditionDescription Invalid condition id : LAN8742 Phy interface Condition cause : null
2024-02-25 18:44:37,848 [WARN] PackLoader:240 - Cannot read IP mode file for STMicroelectronics.X-CUBE-AZRTOS-L4.2.0.0
2024-02-25 18:44:37,850 [WARN] ConditionMgr:1039 - genDependencies : Invalid condition id : LAN8742 Phy interface Condition cause : null
2024-02-25 18:44:37,850 [WARN] ConditionMgr:1039 - genDependencies : Invalid condition id : LAN8742 Phy interface Condition cause : null
2024-02-25 18:44:37,861 [WARN] ConditionMgr:1039 - genDependencies : Invalid condition id : LAN8742 Phy interface Condition cause : null
2024-02-25 18:44:37,868 [WARN] PackLoader:240 - Cannot read IP mode file for STMicroelectronics.X-CUBE-SFXS2LP1.4.0.0
2024-02-25 18:44:37,882 [WARN] ConditionMgr:438 - getConditionDescription Invalid condition id : UX DEVICE CLASS RTOS Condition cause : null
2024-02-25 18:44:37,882 [WARN] ConditionMgr:438 - getConditionDescription Invalid condition id : UX DEVICE CLASS RTOS Condition cause : null
2024-02-25 18:44:37,884 [WARN] PackLoader:240 - Cannot read IP mode file for STMicroelectronics.X-CUBE-AZRTOS-WB.2.0.0
2024-02-25 18:44:37,884 [WARN] ConditionMgr:1039 - genDependencies : Invalid condition id : UX DEVICE CLASS RTOS Condition cause : null
2024-02-25 18:44:37,884 [WARN] ConditionMgr:1039 - genDependencies : Invalid condition id : UX DEVICE CLASS RTOS Condition cause : null
2024-02-25 18:44:37,884 [WARN] ConditionMgr:1039 - genDependencies : Invalid condition id : UX DEVICE CLASS RTOS Condition cause : null
2024-02-25 18:44:37,885 [WARN] ConditionMgr:1039 - genDependencies : Invalid condition id : UX DEVICE CLASS RTOS Condition cause : null
2024-02-25 18:44:37,885 [WARN] ConditionMgr:1039 - genDependencies : Invalid condition id : UX DEVICE CLASS RTOS Condition cause : null
2024-02-25 18:44:37,892 [WARN] PackLoader:240 - Cannot read IP mode file for STMicroelectronics.X-CUBE-SUBG2.5.0.0
2024-02-25 18:44:37,904 [WARN] PackLoader:240 - Cannot read IP mode file for STMicroelectronics.X-CUBE-AZRTOS-G4.2.0.0
2024-02-25 18:44:37,912 [WARN] PackLoader:240 - Cannot read IP mode file for Infineon.AIROC-Wi-Fi-Bluetooth-STM32.1.5.1
2024-02-25 18:44:37,918 [WARN] PackLoader:240 - Cannot read IP mode file for STMicroelectronics.FP-SNS-MOTENVWB1.1.3.1
2024-02-25 18:44:37,922 [WARN] PackLoader:240 - Cannot read IP mode file for STMicroelectronics.X-CUBE-ISPU.2.0.0
2024-02-25 18:44:37,941 [WARN] PackLoader:240 - Cannot read IP mode file for STMicroelectronics.X-CUBE-MEMS1.10.0.0
2024-02-25 18:44:38,019 [WARN] PackLoader:240 - Cannot read IP mode file for STMicroelectronics.X-CUBE-FREERTOS.1.1.0
2024-02-25 18:44:38,024 [WARN] PackLoader:240 - Cannot read IP mode file for portGmbH.I-Cube-SoM-uGOAL.1.1.0
2024-02-25 18:44:38,027 [WARN] PackLoader:240 - Cannot read IP mode file for STMicroelectronics.X-CUBE-ALS.1.0.1
2024-02-25 18:44:38,031 [WARN] PackLoader:240 - Cannot read IP mode file for STMicroelectronics.FP-ATR-ASTRA1.2.0.0
2024-02-25 18:44:38,039 [WARN] PackLoader:240 - Cannot read IP mode file for STMicroelectronics.X-CUBE-TOF1.3.4.0
2024-02-25 18:44:38,058 [WARN] PackLoader:240 - Cannot read IP mode file for STMicroelectronics.X-CUBE-AZRTOS-H7.3.2.0
2024-02-25 18:44:38,060 [INFO] ThirdParty:978 - Integrity check success = true
2024-02-25 18:44:38,060 [INFO] IntegrityCheckThread:100 - exiting critical section [integrity check]
2024-02-25 18:44:38,060 [INFO] IntegrityCheckThread:103 - End integrity checks thread
2024-02-25 18:44:38,447 [INFO] WebApp:780 - Register for checkConnection events
2024-02-25 18:44:38,447 [INFO] WebApp:414 - Apply proxy settings
2024-02-25 18:44:38,448 [INFO] WebApp:499 - Chromium requires no authentication
2024-02-25 18:44:38,454 [INFO] WebApp:442 - Direct internet connection detected
2024-02-25 18:44:38,564 [INFO] WebApp:192 - Starting web application
2024-02-25 18:44:38,564 [INFO] WebApp:544 - Web application path used C:\ST\STM32CubeIDE_1.14.0\STM32CubeIDE\plugins\com.st.stm32cube.common.mx_6.10.0.202311202037\db\plugins\mcufinder\reactClient1\index.html
2024-02-25 18:44:48,479 [ERROR] LogOutputStream:75 - [STDERR_REDIRECT] 
2024-02-25 18:44:48,480 [ERROR] LogOutputStream:75 - [STDERR_REDIRECT] 
2024-02-25 18:45:20,771 [INFO] Activator:176 - 


2024-02-25 18:45:20,772 [INFO] Activator:177 - !SESSION log4j initialized
2024-02-25 18:45:22,676 [INFO] LogOutputStream:77 - [STDOUT_REDIRECT] 
2024-02-25 18:45:28,368 [INFO] ApplicationProperties:184 - Using Application install path: C:\ST\STM32CubeIDE_1.14.0\STM32CubeIDE\plugins\com.st.stm32cube.common.mx_6.10.0.202311202037
2024-02-25 18:45:28,378 [INFO] DbMcusXml:78 - Set database path to: C:\ST\STM32CubeIDE_1.14.0\STM32CubeIDE\plugins\com.st.stm32cube.common.mx_6.10.0.202311202037\\db\/mcu/
2024-02-25 18:45:28,378 [INFO] ApiDb:274 - Set plugin database path to: C:\ST\STM32CubeIDE_1.14.0\STM32CubeIDE\plugins\com.st.stm32cube.common.mx_6.10.0.202311202037\\db\/plugins/boardmanager/
2024-02-25 18:45:28,378 [WARN] ApiDb:259 - Overriding images path with different value:  => C:\ST\STM32CubeIDE_1.14.0\STM32CubeIDE\plugins\com.st.stm32cube.common.mx_6.10.0.202311202037\\db\/plugins/mcufinder/images/
2024-02-25 18:45:28,383 [INFO] ApiDb:250 - Set database path to: C:\Users\mt150\.stmcufinder\plugins\mcufinder//mcu/
2024-02-25 18:45:28,383 [INFO] DbMcusAds:125 - Set database path to: C:\Users\mt150\.stmcufinder\plugins\mcufinder//mcu/
2024-02-25 18:45:28,384 [INFO] CrossReferenceDbSqlite:203 - Set database path to: C:\Users\mt150\.stmcufinder\plugins\mcufinder//mcu/cs/
2024-02-25 18:45:28,449 [INFO] RulesReader:64 - Compatibility file has been processed (297 Rules)
2024-02-25 18:45:28,504 [INFO] DbMcusXml:78 - Set database path to: C:\ST\STM32CubeIDE_1.14.0\STM32CubeIDE\plugins\com.st.stm32cube.common.mx_6.10.0.202311202037\\db\/mcu/
2024-02-25 18:45:28,504 [INFO] ApiDb:274 - Set plugin database path to: C:\ST\STM32CubeIDE_1.14.0\STM32CubeIDE\plugins\com.st.stm32cube.common.mx_6.10.0.202311202037\\db\/plugins/boardmanager/
2024-02-25 18:45:28,504 [INFO] ApiDb:261 - Set plugin images path to: C:\ST\STM32CubeIDE_1.14.0\STM32CubeIDE\plugins\com.st.stm32cube.common.mx_6.10.0.202311202037\\db\/plugins/mcufinder/images/
2024-02-25 18:45:28,505 [WARN] DbFile:41 - Overriding database path with different value: C:\Users\mt150\.stmcufinder\plugins\mcufinder/ => C:\Users\mt150\.stmcufinder\plugins\mcufinder
2024-02-25 18:45:28,505 [INFO] ApiDb:250 - Set database path to: C:\Users\mt150\.stmcufinder\plugins\mcufinder//mcu/
2024-02-25 18:45:28,505 [WARN] DbFile:41 - Overriding database path with different value: C:\Users\mt150\.stmcufinder\plugins\mcufinder/ => C:\Users\mt150\.stmcufinder\plugins\mcufinder
2024-02-25 18:45:28,505 [INFO] DbMcusAds:125 - Set database path to: C:\Users\mt150\.stmcufinder\plugins\mcufinder//mcu/
2024-02-25 18:45:28,505 [WARN] DbFile:41 - Overriding database path with different value: C:\Users\mt150\.stmcufinder\plugins\mcufinder/ => C:\Users\mt150\.stmcufinder\plugins\mcufinder
2024-02-25 18:45:28,505 [WARN] DbFile:41 - Overriding database path with different value: C:\Users\mt150\.stmcufinder\plugins\mcufinder/ => C:\Users\mt150\.stmcufinder\plugins\mcufinder
2024-02-25 18:45:28,505 [INFO] CrossReferenceDbSqlite:203 - Set database path to: C:\Users\mt150\.stmcufinder\plugins\mcufinder//mcu/cs/
2024-02-25 18:45:28,554 [INFO] MainPanel:264 - HeapMemory: 268435456
2024-02-25 18:45:28,598 [INFO] DbMcusXml:78 - Set database path to: C:\ST\STM32CubeIDE_1.14.0\STM32CubeIDE\plugins\com.st.stm32cube.common.mx_6.10.0.202311202037\\db\/mcu/
2024-02-25 18:45:28,598 [INFO] ApiDb:274 - Set plugin database path to: C:\ST\STM32CubeIDE_1.14.0\STM32CubeIDE\plugins\com.st.stm32cube.common.mx_6.10.0.202311202037\\db\/plugins/boardmanager/
2024-02-25 18:45:28,598 [INFO] ApiDb:261 - Set plugin images path to: C:\ST\STM32CubeIDE_1.14.0\STM32CubeIDE\plugins\com.st.stm32cube.common.mx_6.10.0.202311202037\\db\/plugins/mcufinder/images/
2024-02-25 18:45:28,598 [WARN] DbFile:41 - Overriding database path with different value: C:\Users\mt150\.stmcufinder\plugins\mcufinder/ => C:\Users\mt150\.stmcufinder\plugins\mcufinder
2024-02-25 18:45:28,598 [INFO] ApiDb:250 - Set database path to: C:\Users\mt150\.stmcufinder\plugins\mcufinder//mcu/
2024-02-25 18:45:28,598 [WARN] DbFile:41 - Overriding database path with different value: C:\Users\mt150\.stmcufinder\plugins\mcufinder/ => C:\Users\mt150\.stmcufinder\plugins\mcufinder
2024-02-25 18:45:28,598 [INFO] DbMcusAds:125 - Set database path to: C:\Users\mt150\.stmcufinder\plugins\mcufinder//mcu/
2024-02-25 18:45:28,598 [WARN] DbFile:41 - Overriding database path with different value: C:\Users\mt150\.stmcufinder\plugins\mcufinder/ => C:\Users\mt150\.stmcufinder\plugins\mcufinder
2024-02-25 18:45:28,598 [WARN] DbFile:41 - Overriding database path with different value: C:\Users\mt150\.stmcufinder\plugins\mcufinder/ => C:\Users\mt150\.stmcufinder\plugins\mcufinder
2024-02-25 18:45:28,598 [INFO] CrossReferenceDbSqlite:203 - Set database path to: C:\Users\mt150\.stmcufinder\plugins\mcufinder//mcu/cs/
2024-02-25 18:45:28,610 [INFO] ApplicationProperties:184 - Using Application install path: C:\ST\STM32CubeIDE_1.14.0\STM32CubeIDE\plugins\com.st.stm32cube.common.mx_6.10.0.202311202037
2024-02-25 18:45:28,611 [INFO] PluginManage:196 - Search for loadable plugins [exclusion list=, ]
2024-02-25 18:45:28,611 [INFO] PluginManage:310 - Check plugin analytics
2024-02-25 18:45:33,271 [INFO] AnalyticsPlugin:253 - Accepted Software Licenses: 
2024-02-25 18:45:33,271 [INFO] AnalyticsPlugin:255 - Accepted CMSIS Pack Licenses: 
2024-02-25 18:45:33,272 [INFO] AnalyticsPlugin:257 - Accepted Firmware Licenses: 
2024-02-25 18:45:33,273 [INFO] PluginManage:359 - Loaded plugin analytics (category:tool,tabindex:-1)
2024-02-25 18:45:33,274 [INFO] PluginManage:310 - Check plugin cadmodel
2024-02-25 18:45:33,277 [INFO] CADModel:105 - Init CAD model plugin
2024-02-25 18:45:33,277 [INFO] PluginManage:359 - Loaded plugin cadmodel (category:power,tabindex:5)
2024-02-25 18:45:33,277 [INFO] PluginManage:310 - Check plugin clock
2024-02-25 18:45:33,283 [INFO] PluginManage:359 - Loaded plugin clock (category:base,tabindex:2)
2024-02-25 18:45:33,283 [INFO] PluginManage:310 - Check plugin ddr
2024-02-25 18:45:33,284 [INFO] PluginManage:359 - Loaded plugin ddr (category:tool,tabindex:6)
2024-02-25 18:45:33,285 [INFO] PluginManage:310 - Check plugin filemanager
2024-02-25 18:45:33,366 [INFO] PluginManage:359 - Loaded plugin filemanager (category:base,tabindex:10)
2024-02-25 18:45:33,366 [INFO] PluginManage:310 - Check plugin ipmanager
2024-02-25 18:45:33,371 [INFO] PluginManage:359 - Loaded plugin ipmanager (category:base,tabindex:5)
2024-02-25 18:45:33,371 [INFO] PluginManage:310 - Check plugin lpbam
2024-02-25 18:45:33,376 [INFO] PluginManage:359 - Loaded plugin lpbam (category:base,tabindex:0)
2024-02-25 18:45:33,377 [INFO] PluginManage:310 - Check plugin memorymap
2024-02-25 18:45:33,383 [INFO] PluginManage:359 - Loaded plugin memorymap (category:base,tabindex:4)
2024-02-25 18:45:33,383 [INFO] PluginManage:310 - Check plugin pinoutandconfiguration
2024-02-25 18:45:33,387 [INFO] PluginManage:359 - Loaded plugin pinoutandconfiguration (category:base,tabindex:1)
2024-02-25 18:45:33,387 [INFO] PluginManage:310 - Check plugin pinoutconfig
2024-02-25 18:45:33,441 [WARN] SupportedApi:132 - Cannot load RTOS API schema: s4s-elt-must-match.1: The content of 'definitions' must match (annotation?, (simpleType | complexType)?, (unique | key | keyref)*)). A problem was found starting at: attribute.
2024-02-25 18:45:33,527 [INFO] PluginManage:359 - Loaded plugin pinoutconfig (category:base,tabindex:0)
2024-02-25 18:45:33,527 [INFO] PluginManage:310 - Check plugin power
2024-02-25 18:45:33,532 [INFO] PluginManage:359 - Loaded plugin power (category:power,tabindex:4)
2024-02-25 18:45:33,533 [INFO] PluginManage:310 - Check plugin projectmanager
2024-02-25 18:45:33,544 [INFO] PluginManage:359 - Loaded plugin projectmanager (category:projectmanager,tabindex:3)
2024-02-25 18:45:33,545 [INFO] PluginManage:310 - Check plugin thirdparty
2024-02-25 18:45:33,616 [INFO] PluginManage:359 - Loaded plugin thirdparty (category:base,tabindex:-1)
2024-02-25 18:45:33,616 [WARN] IntegrityCheckThread:84 - waiting for thirdparty lock release [integrity check]
2024-02-25 18:45:33,616 [INFO] PluginManage:310 - Check plugin tools
2024-02-25 18:45:33,617 [INFO] IntegrityCheckThread:86 - entering critical section [integrity check]
2024-02-25 18:45:33,617 [INFO] ThirdPartyUpdaterWithRetryManager:70 - Updater plugin not ready yet. [1/15]
2024-02-25 18:45:33,618 [INFO] PluginManage:359 - Loaded plugin tools (category:base,tabindex:7)
2024-02-25 18:45:33,619 [INFO] PluginManage:310 - Check plugin tutovideos
2024-02-25 18:45:33,714 [INFO] PluginManage:359 - Loaded plugin tutovideos (category:base,tabindex:-1)
2024-02-25 18:45:33,715 [INFO] PluginManage:310 - Check plugin updater
2024-02-25 18:45:33,721 [INFO] PluginManage:359 - Loaded plugin updater (category:base,tabindex:12)
2024-02-25 18:45:33,721 [INFO] PluginManage:310 - Check plugin userauth
2024-02-25 18:45:33,724 [INFO] UserAuth:114 - Init User Auth plugin
2024-02-25 18:45:33,724 [INFO] PluginManage:359 - Loaded plugin userauth (category:base,tabindex:14)
2024-02-25 18:45:33,724 [INFO] PluginManage:283 - PluginManage : Loaded plugins [17]
2024-02-25 18:45:33,847 [INFO] PinOutPanel:1499 - setPackage(No Configuration,No Configuration)
2024-02-25 18:45:33,892 [INFO] CADModel:165 - CPN selected for project level
2024-02-25 18:45:33,892 [INFO] CADModel:114 - Register for checkConnection events
2024-02-25 18:45:33,903 [INFO] IPUIPlugin:80 - create IPUIPlugin
2024-02-25 18:45:33,903 [INFO] PluginManager:220 - loadIPPluginJar : add adc
2024-02-25 18:45:33,904 [INFO] IPUIPlugin:80 - create IPUIPlugin
2024-02-25 18:45:33,904 [INFO] PluginManager:220 - loadIPPluginJar : add aes
2024-02-25 18:45:33,906 [INFO] IPUIPlugin:80 - create IPUIPlugin
2024-02-25 18:45:33,906 [INFO] PluginManager:220 - loadIPPluginJar : add can
2024-02-25 18:45:33,907 [INFO] IPUIPlugin:80 - create IPUIPlugin
2024-02-25 18:45:33,907 [INFO] PluginManager:220 - loadIPPluginJar : add comp
2024-02-25 18:45:33,909 [INFO] IPUIPlugin:80 - create IPUIPlugin
2024-02-25 18:45:33,909 [INFO] PluginManager:220 - loadIPPluginJar : add cryp
2024-02-25 18:45:33,910 [INFO] IPUIPlugin:80 - create IPUIPlugin
2024-02-25 18:45:33,911 [INFO] PluginManager:220 - loadIPPluginJar : add dfsdm
2024-02-25 18:45:33,914 [INFO] IPUIPlugin:80 - create IPUIPlugin
2024-02-25 18:45:33,914 [INFO] PluginManager:220 - loadIPPluginJar : add dma
2024-02-25 18:45:33,916 [INFO] IPUIPlugin:80 - create IPUIPlugin
2024-02-25 18:45:33,916 [INFO] PluginManager:220 - loadIPPluginJar : add dma3
2024-02-25 18:45:33,917 [INFO] IPUIPlugin:80 - create IPUIPlugin
2024-02-25 18:45:33,917 [INFO] PluginManager:220 - loadIPPluginJar : add fatfs
2024-02-25 18:45:33,919 [INFO] IPUIPlugin:80 - create IPUIPlugin
2024-02-25 18:45:33,919 [INFO] PluginManager:220 - loadIPPluginJar : add fmc
2024-02-25 18:45:33,923 [INFO] IPUIPlugin:80 - create IPUIPlugin
2024-02-25 18:45:33,923 [INFO] PluginManager:220 - loadIPPluginJar : add freertos
2024-02-25 18:45:33,924 [INFO] IPUIPlugin:80 - create IPUIPlugin
2024-02-25 18:45:33,924 [INFO] PluginManager:220 - loadIPPluginJar : add genericplugin
2024-02-25 18:45:33,926 [INFO] IPUIPlugin:80 - create IPUIPlugin
2024-02-25 18:45:33,926 [INFO] PluginManager:220 - loadIPPluginJar : add gfxmmu
2024-02-25 18:45:33,929 [INFO] IPUIPlugin:80 - create IPUIPlugin
2024-02-25 18:45:33,929 [INFO] PluginManager:220 - loadIPPluginJar : add gic
2024-02-25 18:45:33,932 [INFO] IPUIPlugin:80 - create IPUIPlugin
2024-02-25 18:45:33,932 [INFO] PluginManager:220 - loadIPPluginJar : add gpio
2024-02-25 18:45:33,934 [INFO] IPUIPlugin:80 - create IPUIPlugin
2024-02-25 18:45:33,934 [INFO] PluginManager:220 - loadIPPluginJar : add gtzc
2024-02-25 18:45:33,935 [INFO] IPUIPlugin:80 - create IPUIPlugin
2024-02-25 18:45:33,936 [INFO] PluginManager:220 - loadIPPluginJar : add hash
2024-02-25 18:45:33,937 [INFO] IPUIPlugin:80 - create IPUIPlugin
2024-02-25 18:45:33,937 [INFO] PluginManager:220 - loadIPPluginJar : add i2c
2024-02-25 18:45:33,939 [INFO] IPUIPlugin:80 - create IPUIPlugin
2024-02-25 18:45:33,939 [INFO] PluginManager:220 - loadIPPluginJar : add i2s
2024-02-25 18:45:33,941 [INFO] IPUIPlugin:80 - create IPUIPlugin
2024-02-25 18:45:33,941 [INFO] PluginManager:220 - loadIPPluginJar : add i3c
2024-02-25 18:45:33,943 [INFO] IPUIPlugin:80 - create IPUIPlugin
2024-02-25 18:45:33,943 [INFO] PluginManager:220 - loadIPPluginJar : add ipddr
2024-02-25 18:45:33,948 [INFO] IPUIPlugin:80 - create IPUIPlugin
2024-02-25 18:45:33,948 [INFO] PluginManager:220 - loadIPPluginJar : add linkedlist
2024-02-25 18:45:33,950 [INFO] IPUIPlugin:80 - create IPUIPlugin
2024-02-25 18:45:33,950 [INFO] PluginManager:220 - loadIPPluginJar : add lorawan
2024-02-25 18:45:33,952 [INFO] IPUIPlugin:80 - create IPUIPlugin
2024-02-25 18:45:33,952 [INFO] PluginManager:220 - loadIPPluginJar : add ltdc
2024-02-25 18:45:33,956 [INFO] IPUIPlugin:80 - create IPUIPlugin
2024-02-25 18:45:33,956 [INFO] PluginManager:220 - loadIPPluginJar : add mdma
2024-02-25 18:45:33,959 [INFO] IPUIPlugin:80 - create IPUIPlugin
2024-02-25 18:45:33,959 [INFO] PluginManager:220 - loadIPPluginJar : add nvic
2024-02-25 18:45:33,961 [INFO] IPUIPlugin:80 - create IPUIPlugin
2024-02-25 18:45:33,961 [INFO] PluginManager:220 - loadIPPluginJar : add opamp
2024-02-25 18:45:33,963 [INFO] IPUIPlugin:80 - create IPUIPlugin
2024-02-25 18:45:33,963 [INFO] PluginManager:220 - loadIPPluginJar : add openamp
2024-02-25 18:45:33,965 [INFO] IPUIPlugin:80 - create IPUIPlugin
2024-02-25 18:45:33,965 [INFO] PluginManager:220 - loadIPPluginJar : add pdm2pcm
2024-02-25 18:45:33,969 [INFO] IPUIPlugin:80 - create IPUIPlugin
2024-02-25 18:45:33,971 [INFO] PluginManager:220 - loadIPPluginJar : add plateformsettings
2024-02-25 18:45:33,972 [INFO] IPUIPlugin:80 - create IPUIPlugin
2024-02-25 18:45:33,972 [INFO] PluginManager:220 - loadIPPluginJar : add quadspi
2024-02-25 18:45:33,974 [INFO] IPUIPlugin:80 - create IPUIPlugin
2024-02-25 18:45:33,974 [INFO] PluginManager:220 - loadIPPluginJar : add resmgrutility
2024-02-25 18:45:33,976 [INFO] IPUIPlugin:80 - create IPUIPlugin
2024-02-25 18:45:33,976 [INFO] PluginManager:220 - loadIPPluginJar : add sai
2024-02-25 18:45:33,977 [INFO] IPUIPlugin:80 - create IPUIPlugin
2024-02-25 18:45:33,978 [INFO] PluginManager:220 - loadIPPluginJar : add spi
2024-02-25 18:45:33,980 [INFO] IPUIPlugin:80 - create IPUIPlugin
2024-02-25 18:45:33,981 [INFO] PluginManager:220 - loadIPPluginJar : add stm32_wpan
2024-02-25 18:45:33,982 [INFO] IPUIPlugin:80 - create IPUIPlugin
2024-02-25 18:45:33,982 [INFO] PluginManager:220 - loadIPPluginJar : add tim
2024-02-25 18:45:33,983 [INFO] IPUIPlugin:80 - create IPUIPlugin
2024-02-25 18:45:33,983 [INFO] PluginManager:220 - loadIPPluginJar : add touchsensing
2024-02-25 18:45:33,985 [INFO] IPUIPlugin:80 - create IPUIPlugin
2024-02-25 18:45:33,985 [INFO] PluginManager:220 - loadIPPluginJar : add tracer_emb
2024-02-25 18:45:33,986 [INFO] IPUIPlugin:80 - create IPUIPlugin
2024-02-25 18:45:33,986 [INFO] PluginManager:220 - loadIPPluginJar : add ts
2024-02-25 18:45:33,987 [INFO] IPUIPlugin:80 - create IPUIPlugin
2024-02-25 18:45:33,987 [INFO] PluginManager:220 - loadIPPluginJar : add tsc
2024-02-25 18:45:33,988 [INFO] IPUIPlugin:80 - create IPUIPlugin
2024-02-25 18:45:33,988 [INFO] PluginManager:220 - loadIPPluginJar : add ucpd
2024-02-25 18:45:33,990 [INFO] IPUIPlugin:80 - create IPUIPlugin
2024-02-25 18:45:33,990 [INFO] PluginManager:220 - loadIPPluginJar : add usart
2024-02-25 18:45:33,991 [INFO] IPUIPlugin:80 - create IPUIPlugin
2024-02-25 18:45:33,992 [INFO] PluginManager:220 - loadIPPluginJar : add usbx
2024-02-25 18:45:34,099 [INFO] CADModel:165 - CPN selected for project level
2024-02-25 18:45:34,100 [INFO] CADModel:114 - Register for checkConnection events
2024-02-25 18:45:34,100 [FATAL] Updater:308 - Updater called before beeing initialized
2024-02-25 18:45:34,100 [ERROR] CADModel:125 - Updater not yet initialized, retry later 
2024-02-25 18:45:34,186 [INFO] CADModel:165 - CPN selected for project level
2024-02-25 18:45:34,186 [INFO] CADModel:114 - Register for checkConnection events
2024-02-25 18:45:34,186 [FATAL] Updater:308 - Updater called before beeing initialized
2024-02-25 18:45:34,186 [ERROR] CADModel:125 - Updater not yet initialized, retry later 
2024-02-25 18:45:34,188 [FATAL] Updater:308 - Updater called before beeing initialized
2024-02-25 18:45:34,250 [FATAL] Updater:308 - Updater called before beeing initialized
2024-02-25 18:45:34,252 [INFO] DbMcusAds:53 - JSON generation date=Wed Nov 29 11:52:27 CET 2023 (1701255147349)
2024-02-25 18:45:34,252 [FATAL] Updater:308 - Updater called before beeing initialized
2024-02-25 18:45:34,276 [WARN] DetailPanel:346 - Failed to get advertising image, set to default
2024-02-25 18:45:34,343 [FATAL] Updater:308 - Updater called before beeing initialized
2024-02-25 18:45:34,344 [FATAL] Updater:308 - Updater called before beeing initialized
2024-02-25 18:45:34,344 [FATAL] Updater:308 - Updater called before beeing initialized
2024-02-25 18:45:34,344 [WARN] DetailPanel:346 - Failed to get advertising image, set to default
2024-02-25 18:45:34,344 [FATAL] Updater:308 - Updater called before beeing initialized
2024-02-25 18:45:34,372 [ERROR] Updater:1120 - MainUpdater not yet initialized. External WinMGr cannot be set.
2024-02-25 18:45:34,373 [INFO] Updater:1056 - Updater Version found : 6.10.0
2024-02-25 18:45:34,386 [INFO] ApplicationProperties:184 - Using Application install path: C:\ST\STM32CubeIDE_1.14.0\STM32CubeIDE\plugins\com.st.stm32cube.common.mx_6.10.0.202311202037
2024-02-25 18:45:35,954 [ERROR] LogOutputStream:75 - [STDERR_REDIRECT] Feb 25, 2024 6:45:35 PM java.util.prefs.WindowsPreferences <init>
2024-02-25 18:45:35,955 [ERROR] LogOutputStream:75 - [STDERR_REDIRECT] WARNING: Could not open/create prefs root node Software\JavaSoft\Prefs at root 0xffffffff80000002. Windows RegCreateKeyEx(...) returned error code 5.
2024-02-25 18:45:35,955 [ERROR] LogOutputStream:75 - [STDERR_REDIRECT] 
2024-02-25 18:45:36,271 [INFO] MainUpdater:2873 - connection check result : 10
2024-02-25 18:45:36,271 [INFO] MainUpdater:290 - Updater Check For Update Now.
2024-02-25 18:45:36,272 [INFO] MicroXplorer:498 - Change Database Version : DB.6.0.100
2024-02-25 18:45:36,276 [INFO] McuFinderGlobals:63 - Set McuFinder mode to 2 (CubeIDE integrated)
2024-02-25 18:45:36,276 [INFO] UserAuth:180 - activating auth plugin
2024-02-25 18:45:36,278 [INFO] UserAuth:404 - Internet connection configuration mode: 1
2024-02-25 18:45:36,295 [INFO] JxBrowserEngine:152 - Initiate JxBrowser Engine with user profile folder
2024-02-25 18:45:36,423 [INFO] CheckServerUpdateThread:120 - End of CheckServer Thread
2024-02-25 18:45:36,703 [INFO] WebApp:161 - Instantiating new browser for Auth
2024-02-25 18:45:36,803 [WARN] PackLoader:240 - Cannot read IP mode file for STMicroelectronics.X-CUBE-SMBUS.2.1.0
2024-02-25 18:45:36,809 [WARN] PackLoader:240 - Cannot read IP mode file for STMicroelectronics.X-CUBE-TOUCHGFX.4.23.0
2024-02-25 18:45:36,830 [WARN] PackLoader:240 - Cannot read IP mode file for STMicroelectronics.X-CUBE-AZRTOS-F7.1.1.0
2024-02-25 18:45:36,840 [WARN] PackLoader:240 - Cannot read IP mode file for STMicroelectronics.FP-SNS-MOTENV1.4.3.2
2024-02-25 18:45:36,846 [WARN] PackLoader:240 - Cannot read IP mode file for STMicroelectronics.FP-SNS-FLIGHT1.5.0.2
2024-02-25 18:45:36,853 [WARN] PackLoader:240 - Cannot read IP mode file for STMicroelectronics.X-CUBE-DISPLAY.3.0.0
2024-02-25 18:45:36,866 [WARN] PackLoader:240 - Cannot read IP mode file for STMicroelectronics.X-CUBE-BLE1.7.0.0
2024-02-25 18:45:36,870 [WARN] PackLoader:240 - Cannot read IP mode file for emotas.I-CUBE-CANOPEN.1.3.0
2024-02-25 18:45:36,874 [WARN] PackLoader:240 - Cannot read IP mode file for STMicroelectronics.FP-SNS-SMARTAG2.1.2.0
2024-02-25 18:45:36,884 [INFO] LogOutputStream:77 - [STDOUT_REDIRECT] 1 : Invalid condition id : UX_CORESTACK_Condition cause : null
2024-02-25 18:45:36,885 [INFO] LogOutputStream:77 - [STDOUT_REDIRECT] 1 : Invalid condition id : UX_CORESTACK_Condition cause : null
2024-02-25 18:45:36,886 [INFO] LogOutputStream:77 - [STDOUT_REDIRECT] 1 : Invalid condition id : UX_CORESTACK_Condition cause : null
2024-02-25 18:45:36,887 [INFO] LogOutputStream:77 - [STDOUT_REDIRECT] 1 : Invalid condition id : UX_CORESTACK_Condition cause : null
2024-02-25 18:45:36,888 [INFO] LogOutputStream:77 - [STDOUT_REDIRECT] 1 : Invalid condition id : UX_CORESTACK_Condition cause : null
2024-02-25 18:45:36,890 [WARN] PackLoader:240 - Cannot read IP mode file for STMicroelectronics.X-CUBE-AZRTOS-WL.2.0.0
2024-02-25 18:45:36,901 [WARN] PackLoader:240 - Cannot read IP mode file for WES.I-CUBE-Cesium.1.3.0
2024-02-25 18:45:36,906 [WARN] PackLoader:240 - Cannot read IP mode file for STMicroelectronics.X-CUBE-BLE2.3.3.0
2024-02-25 18:45:36,911 [WARN] PackLoader:240 - Cannot read IP mode file for STMicroelectronics.X-CUBE-ALGOBUILD.1.3.0
2024-02-25 18:45:36,926 [WARN] PackLoader:240 - Cannot read IP mode file for STMicroelectronics.X-CUBE-AZRTOS-G0.1.1.0
2024-02-25 18:45:36,932 [WARN] PackLoader:240 - Cannot read IP mode file for STMicroelectronics.X-CUBE-NFC4.3.0.0
2024-02-25 18:45:36,939 [WARN] PackLoader:240 - Cannot read IP mode file for STMicroelectronics.X-CUBE-BLEMGR.3.0.0
2024-02-25 18:45:36,943 [WARN] PackLoader:240 - Cannot read IP mode file for STMicroelectronics.FP-ATR-SIGFOX1.3.2.0
2024-02-25 18:45:36,947 [WARN] PackLoader:240 - Cannot read IP mode file for STMicroelectronics.X-CUBE-EEPRMA1.5.1.0
2024-02-25 18:45:36,973 [WARN] PackLoader:240 - Cannot read IP mode file for SEGGER.I-CUBE-embOS.1.3.1
2024-02-25 18:45:36,997 [WARN] PackLoader:240 - Cannot read IP mode file for STMicroelectronics.X-CUBE-GNSS1.6.0.0
2024-02-25 18:45:37,009 [WARN] PackLoader:240 - Cannot read IP mode file for STMicroelectronics.X-CUBE-AZRTOS-F4.1.1.0
2024-02-25 18:45:37,014 [WARN] PackLoader:240 - Cannot read IP mode file for wolfSSL.I-CUBE-wolfSSL.5.6.6
2024-02-25 18:45:37,024 [WARN] PackLoader:240 - Cannot read IP mode file for STMicroelectronics.X-CUBE-AZRTOS-L5.2.0.0
2024-02-25 18:45:37,028 [WARN] PackLoader:240 - Cannot read IP mode file for STMicroelectronics.X-CUBE-EEPRMA1.4.2.0
2024-02-25 18:45:37,034 [WARN] PackLoader:240 - Cannot read IP mode file for ITTIA_DB.I-CUBE-ITTIADB.8.8.0
2024-02-25 18:45:37,038 [WARN] PackLoader:240 - Cannot read IP mode file for STMicroelectronics.X-CUBE-NFC7.1.0.1
2024-02-25 18:45:37,044 [WARN] PackLoader:240 - Cannot read IP mode file for STMicroelectronics.X-CUBE-NFC6.3.0.0
2024-02-25 18:45:37,048 [WARN] PackLoader:240 - Cannot read IP mode file for STMicroelectronics.X-CUBE-AI.8.1.0
2024-02-25 18:45:37,058 [WARN] ConditionMgr:438 - getConditionDescription Invalid condition id : LAN8742 Phy interface Condition cause : null
2024-02-25 18:45:37,059 [WARN] PackLoader:240 - Cannot read IP mode file for STMicroelectronics.X-CUBE-AZRTOS-L4.2.0.0
2024-02-25 18:45:37,059 [WARN] ConditionMgr:1039 - genDependencies : Invalid condition id : LAN8742 Phy interface Condition cause : null
2024-02-25 18:45:37,060 [WARN] ConditionMgr:1039 - genDependencies : Invalid condition id : LAN8742 Phy interface Condition cause : null
2024-02-25 18:45:37,060 [WARN] ConditionMgr:1039 - genDependencies : Invalid condition id : LAN8742 Phy interface Condition cause : null
2024-02-25 18:45:37,065 [WARN] PackLoader:240 - Cannot read IP mode file for STMicroelectronics.X-CUBE-SFXS2LP1.4.0.0
2024-02-25 18:45:37,074 [WARN] ConditionMgr:438 - getConditionDescription Invalid condition id : UX DEVICE CLASS RTOS Condition cause : null
2024-02-25 18:45:37,074 [WARN] ConditionMgr:438 - getConditionDescription Invalid condition id : UX DEVICE CLASS RTOS Condition cause : null
2024-02-25 18:45:37,075 [WARN] PackLoader:240 - Cannot read IP mode file for STMicroelectronics.X-CUBE-AZRTOS-WB.2.0.0
2024-02-25 18:45:37,075 [WARN] ConditionMgr:1039 - genDependencies : Invalid condition id : UX DEVICE CLASS RTOS Condition cause : null
2024-02-25 18:45:37,075 [WARN] ConditionMgr:1039 - genDependencies : Invalid condition id : UX DEVICE CLASS RTOS Condition cause : null
2024-02-25 18:45:37,076 [WARN] ConditionMgr:1039 - genDependencies : Invalid condition id : UX DEVICE CLASS RTOS Condition cause : null
2024-02-25 18:45:37,076 [WARN] ConditionMgr:1039 - genDependencies : Invalid condition id : UX DEVICE CLASS RTOS Condition cause : null
2024-02-25 18:45:37,076 [WARN] ConditionMgr:1039 - genDependencies : Invalid condition id : UX DEVICE CLASS RTOS Condition cause : null
2024-02-25 18:45:37,083 [WARN] PackLoader:240 - Cannot read IP mode file for STMicroelectronics.X-CUBE-SUBG2.5.0.0
2024-02-25 18:45:37,095 [WARN] PackLoader:240 - Cannot read IP mode file for STMicroelectronics.X-CUBE-AZRTOS-G4.2.0.0
2024-02-25 18:45:37,104 [WARN] PackLoader:240 - Cannot read IP mode file for Infineon.AIROC-Wi-Fi-Bluetooth-STM32.1.5.1
2024-02-25 18:45:37,110 [WARN] PackLoader:240 - Cannot read IP mode file for STMicroelectronics.FP-SNS-MOTENVWB1.1.3.1
2024-02-25 18:45:37,114 [WARN] PackLoader:240 - Cannot read IP mode file for STMicroelectronics.X-CUBE-ISPU.2.0.0
2024-02-25 18:45:37,134 [WARN] PackLoader:240 - Cannot read IP mode file for STMicroelectronics.X-CUBE-MEMS1.10.0.0
2024-02-25 18:45:37,205 [WARN] PackLoader:240 - Cannot read IP mode file for STMicroelectronics.X-CUBE-FREERTOS.1.1.0
2024-02-25 18:45:37,209 [WARN] PackLoader:240 - Cannot read IP mode file for portGmbH.I-Cube-SoM-uGOAL.1.1.0
2024-02-25 18:45:37,212 [WARN] PackLoader:240 - Cannot read IP mode file for STMicroelectronics.X-CUBE-ALS.1.0.1
2024-02-25 18:45:37,216 [WARN] PackLoader:240 - Cannot read IP mode file for STMicroelectronics.FP-ATR-ASTRA1.2.0.0
2024-02-25 18:45:37,221 [WARN] PackLoader:240 - Cannot read IP mode file for STMicroelectronics.X-CUBE-TOF1.3.4.0
2024-02-25 18:45:37,238 [WARN] PackLoader:240 - Cannot read IP mode file for STMicroelectronics.X-CUBE-AZRTOS-H7.3.2.0
2024-02-25 18:45:37,240 [INFO] ThirdParty:978 - Integrity check success = true
2024-02-25 18:45:37,240 [INFO] IntegrityCheckThread:100 - exiting critical section [integrity check]
2024-02-25 18:45:37,240 [INFO] IntegrityCheckThread:103 - End integrity checks thread
2024-02-25 18:45:37,574 [INFO] WebApp:780 - Register for checkConnection events
2024-02-25 18:45:37,575 [INFO] WebApp:414 - Apply proxy settings
2024-02-25 18:45:37,575 [INFO] WebApp:499 - Chromium requires no authentication
2024-02-25 18:45:37,580 [INFO] WebApp:442 - Direct internet connection detected
2024-02-25 18:45:37,682 [INFO] WebApp:192 - Starting web application
2024-02-25 18:45:37,682 [INFO] WebApp:544 - Web application path used C:\ST\STM32CubeIDE_1.14.0\STM32CubeIDE\plugins\com.st.stm32cube.common.mx_6.10.0.202311202037\db\plugins\mcufinder\reactClient1\index.html
2024-02-25 18:45:58,194 [ERROR] LogOutputStream:75 - [STDERR_REDIRECT] SLF4J: Failed to load class "org.slf4j.impl.StaticLoggerBinder".
2024-02-25 18:45:58,195 [ERROR] LogOutputStream:75 - [STDERR_REDIRECT] SLF4J: Defaulting to no-operation (NOP) logger implementation
2024-02-25 18:45:58,196 [ERROR] LogOutputStream:75 - [STDERR_REDIRECT] SLF4J: See http://www.slf4j.org/codes.html#StaticLoggerBinder for further details.
2024-02-25 18:48:45,132 [ERROR] LogOutputStream:75 - [STDERR_REDIRECT] 
2024-02-25 18:48:45,133 [ERROR] LogOutputStream:75 - [STDERR_REDIRECT] 
2024-02-25 18:51:33,122 [INFO] Activator:176 - 


2024-02-25 18:51:33,124 [INFO] Activator:177 - !SESSION log4j initialized
2024-02-25 18:51:35,122 [INFO] LogOutputStream:77 - [STDOUT_REDIRECT] 
2024-02-25 18:51:40,885 [INFO] ApplicationProperties:184 - Using Application install path: C:\ST\STM32CubeIDE_1.14.0\STM32CubeIDE\plugins\com.st.stm32cube.common.mx_6.10.0.202311202037
2024-02-25 18:51:40,894 [INFO] DbMcusXml:78 - Set database path to: C:\ST\STM32CubeIDE_1.14.0\STM32CubeIDE\plugins\com.st.stm32cube.common.mx_6.10.0.202311202037\\db\/mcu/
2024-02-25 18:51:40,894 [INFO] ApiDb:274 - Set plugin database path to: C:\ST\STM32CubeIDE_1.14.0\STM32CubeIDE\plugins\com.st.stm32cube.common.mx_6.10.0.202311202037\\db\/plugins/boardmanager/
2024-02-25 18:51:40,894 [WARN] ApiDb:259 - Overriding images path with different value:  => C:\ST\STM32CubeIDE_1.14.0\STM32CubeIDE\plugins\com.st.stm32cube.common.mx_6.10.0.202311202037\\db\/plugins/mcufinder/images/
2024-02-25 18:51:40,899 [INFO] ApiDb:250 - Set database path to: C:\Users\mt150\.stmcufinder\plugins\mcufinder//mcu/
2024-02-25 18:51:40,899 [INFO] DbMcusAds:125 - Set database path to: C:\Users\mt150\.stmcufinder\plugins\mcufinder//mcu/
2024-02-25 18:51:40,900 [INFO] CrossReferenceDbSqlite:203 - Set database path to: C:\Users\mt150\.stmcufinder\plugins\mcufinder//mcu/cs/
2024-02-25 18:51:40,960 [INFO] RulesReader:64 - Compatibility file has been processed (297 Rules)
2024-02-25 18:51:41,008 [INFO] DbMcusXml:78 - Set database path to: C:\ST\STM32CubeIDE_1.14.0\STM32CubeIDE\plugins\com.st.stm32cube.common.mx_6.10.0.202311202037\\db\/mcu/
2024-02-25 18:51:41,008 [INFO] ApiDb:274 - Set plugin database path to: C:\ST\STM32CubeIDE_1.14.0\STM32CubeIDE\plugins\com.st.stm32cube.common.mx_6.10.0.202311202037\\db\/plugins/boardmanager/
2024-02-25 18:51:41,009 [INFO] ApiDb:261 - Set plugin images path to: C:\ST\STM32CubeIDE_1.14.0\STM32CubeIDE\plugins\com.st.stm32cube.common.mx_6.10.0.202311202037\\db\/plugins/mcufinder/images/
2024-02-25 18:51:41,009 [WARN] DbFile:41 - Overriding database path with different value: C:\Users\mt150\.stmcufinder\plugins\mcufinder/ => C:\Users\mt150\.stmcufinder\plugins\mcufinder
2024-02-25 18:51:41,009 [INFO] ApiDb:250 - Set database path to: C:\Users\mt150\.stmcufinder\plugins\mcufinder//mcu/
2024-02-25 18:51:41,009 [WARN] DbFile:41 - Overriding database path with different value: C:\Users\mt150\.stmcufinder\plugins\mcufinder/ => C:\Users\mt150\.stmcufinder\plugins\mcufinder
2024-02-25 18:51:41,009 [INFO] DbMcusAds:125 - Set database path to: C:\Users\mt150\.stmcufinder\plugins\mcufinder//mcu/
2024-02-25 18:51:41,009 [WARN] DbFile:41 - Overriding database path with different value: C:\Users\mt150\.stmcufinder\plugins\mcufinder/ => C:\Users\mt150\.stmcufinder\plugins\mcufinder
2024-02-25 18:51:41,009 [WARN] DbFile:41 - Overriding database path with different value: C:\Users\mt150\.stmcufinder\plugins\mcufinder/ => C:\Users\mt150\.stmcufinder\plugins\mcufinder
2024-02-25 18:51:41,009 [INFO] CrossReferenceDbSqlite:203 - Set database path to: C:\Users\mt150\.stmcufinder\plugins\mcufinder//mcu/cs/
2024-02-25 18:51:41,051 [INFO] MainPanel:264 - HeapMemory: 268435456
2024-02-25 18:51:41,089 [INFO] DbMcusXml:78 - Set database path to: C:\ST\STM32CubeIDE_1.14.0\STM32CubeIDE\plugins\com.st.stm32cube.common.mx_6.10.0.202311202037\\db\/mcu/
2024-02-25 18:51:41,089 [INFO] ApiDb:274 - Set plugin database path to: C:\ST\STM32CubeIDE_1.14.0\STM32CubeIDE\plugins\com.st.stm32cube.common.mx_6.10.0.202311202037\\db\/plugins/boardmanager/
2024-02-25 18:51:41,089 [INFO] ApiDb:261 - Set plugin images path to: C:\ST\STM32CubeIDE_1.14.0\STM32CubeIDE\plugins\com.st.stm32cube.common.mx_6.10.0.202311202037\\db\/plugins/mcufinder/images/
2024-02-25 18:51:41,089 [WARN] DbFile:41 - Overriding database path with different value: C:\Users\mt150\.stmcufinder\plugins\mcufinder/ => C:\Users\mt150\.stmcufinder\plugins\mcufinder
2024-02-25 18:51:41,089 [INFO] ApiDb:250 - Set database path to: C:\Users\mt150\.stmcufinder\plugins\mcufinder//mcu/
2024-02-25 18:51:41,089 [WARN] DbFile:41 - Overriding database path with different value: C:\Users\mt150\.stmcufinder\plugins\mcufinder/ => C:\Users\mt150\.stmcufinder\plugins\mcufinder
2024-02-25 18:51:41,089 [INFO] DbMcusAds:125 - Set database path to: C:\Users\mt150\.stmcufinder\plugins\mcufinder//mcu/
2024-02-25 18:51:41,089 [WARN] DbFile:41 - Overriding database path with different value: C:\Users\mt150\.stmcufinder\plugins\mcufinder/ => C:\Users\mt150\.stmcufinder\plugins\mcufinder
2024-02-25 18:51:41,089 [WARN] DbFile:41 - Overriding database path with different value: C:\Users\mt150\.stmcufinder\plugins\mcufinder/ => C:\Users\mt150\.stmcufinder\plugins\mcufinder
2024-02-25 18:51:41,090 [INFO] CrossReferenceDbSqlite:203 - Set database path to: C:\Users\mt150\.stmcufinder\plugins\mcufinder//mcu/cs/
2024-02-25 18:51:41,100 [INFO] ApplicationProperties:184 - Using Application install path: C:\ST\STM32CubeIDE_1.14.0\STM32CubeIDE\plugins\com.st.stm32cube.common.mx_6.10.0.202311202037
2024-02-25 18:51:41,101 [INFO] PluginManage:196 - Search for loadable plugins [exclusion list=, ]
2024-02-25 18:51:41,101 [INFO] PluginManage:310 - Check plugin analytics
2024-02-25 18:51:45,744 [INFO] AnalyticsPlugin:253 - Accepted Software Licenses: 
2024-02-25 18:51:45,745 [INFO] AnalyticsPlugin:255 - Accepted CMSIS Pack Licenses: 
2024-02-25 18:51:45,745 [INFO] AnalyticsPlugin:257 - Accepted Firmware Licenses: 
2024-02-25 18:51:45,747 [INFO] PluginManage:359 - Loaded plugin analytics (category:tool,tabindex:-1)
2024-02-25 18:51:45,747 [INFO] PluginManage:310 - Check plugin cadmodel
2024-02-25 18:51:45,751 [INFO] CADModel:105 - Init CAD model plugin
2024-02-25 18:51:45,751 [INFO] PluginManage:359 - Loaded plugin cadmodel (category:power,tabindex:5)
2024-02-25 18:51:45,751 [INFO] PluginManage:310 - Check plugin clock
2024-02-25 18:51:45,757 [INFO] PluginManage:359 - Loaded plugin clock (category:base,tabindex:2)
2024-02-25 18:51:45,758 [INFO] PluginManage:310 - Check plugin ddr
2024-02-25 18:51:45,759 [INFO] PluginManage:359 - Loaded plugin ddr (category:tool,tabindex:6)
2024-02-25 18:51:45,759 [INFO] PluginManage:310 - Check plugin filemanager
2024-02-25 18:51:45,854 [INFO] PluginManage:359 - Loaded plugin filemanager (category:base,tabindex:10)
2024-02-25 18:51:45,855 [INFO] PluginManage:310 - Check plugin ipmanager
2024-02-25 18:51:45,859 [INFO] PluginManage:359 - Loaded plugin ipmanager (category:base,tabindex:5)
2024-02-25 18:51:45,859 [INFO] PluginManage:310 - Check plugin lpbam
2024-02-25 18:51:45,864 [INFO] PluginManage:359 - Loaded plugin lpbam (category:base,tabindex:0)
2024-02-25 18:51:45,864 [INFO] PluginManage:310 - Check plugin memorymap
2024-02-25 18:51:45,870 [INFO] PluginManage:359 - Loaded plugin memorymap (category:base,tabindex:4)
2024-02-25 18:51:45,870 [INFO] PluginManage:310 - Check plugin pinoutandconfiguration
2024-02-25 18:51:45,874 [INFO] PluginManage:359 - Loaded plugin pinoutandconfiguration (category:base,tabindex:1)
2024-02-25 18:51:45,874 [INFO] PluginManage:310 - Check plugin pinoutconfig
2024-02-25 18:51:45,925 [WARN] SupportedApi:132 - Cannot load RTOS API schema: s4s-elt-must-match.1: The content of 'definitions' must match (annotation?, (simpleType | complexType)?, (unique | key | keyref)*)). A problem was found starting at: attribute.
2024-02-25 18:51:45,996 [INFO] PluginManage:359 - Loaded plugin pinoutconfig (category:base,tabindex:0)
2024-02-25 18:51:45,996 [INFO] PluginManage:310 - Check plugin power
2024-02-25 18:51:46,002 [INFO] PluginManage:359 - Loaded plugin power (category:power,tabindex:4)
2024-02-25 18:51:46,002 [INFO] PluginManage:310 - Check plugin projectmanager
2024-02-25 18:51:46,014 [INFO] PluginManage:359 - Loaded plugin projectmanager (category:projectmanager,tabindex:3)
2024-02-25 18:51:46,014 [INFO] PluginManage:310 - Check plugin thirdparty
2024-02-25 18:51:46,088 [INFO] PluginManage:359 - Loaded plugin thirdparty (category:base,tabindex:-1)
2024-02-25 18:51:46,088 [INFO] PluginManage:310 - Check plugin tools
2024-02-25 18:51:46,088 [WARN] IntegrityCheckThread:84 - waiting for thirdparty lock release [integrity check]
2024-02-25 18:51:46,088 [INFO] IntegrityCheckThread:86 - entering critical section [integrity check]
2024-02-25 18:51:46,089 [INFO] ThirdPartyUpdaterWithRetryManager:70 - Updater plugin not ready yet. [1/15]
2024-02-25 18:51:46,090 [INFO] PluginManage:359 - Loaded plugin tools (category:base,tabindex:7)
2024-02-25 18:51:46,090 [INFO] PluginManage:310 - Check plugin tutovideos
2024-02-25 18:51:46,187 [INFO] PluginManage:359 - Loaded plugin tutovideos (category:base,tabindex:-1)
2024-02-25 18:51:46,187 [INFO] PluginManage:310 - Check plugin updater
2024-02-25 18:51:46,194 [INFO] PluginManage:359 - Loaded plugin updater (category:base,tabindex:12)
2024-02-25 18:51:46,194 [INFO] PluginManage:310 - Check plugin userauth
2024-02-25 18:51:46,197 [INFO] UserAuth:114 - Init User Auth plugin
2024-02-25 18:51:46,197 [INFO] PluginManage:359 - Loaded plugin userauth (category:base,tabindex:14)
2024-02-25 18:51:46,197 [INFO] PluginManage:283 - PluginManage : Loaded plugins [17]
2024-02-25 18:51:46,312 [INFO] PinOutPanel:1499 - setPackage(No Configuration,No Configuration)
2024-02-25 18:51:46,358 [INFO] CADModel:165 - CPN selected for project level
2024-02-25 18:51:46,359 [INFO] CADModel:114 - Register for checkConnection events
2024-02-25 18:51:46,369 [INFO] IPUIPlugin:80 - create IPUIPlugin
2024-02-25 18:51:46,369 [INFO] PluginManager:220 - loadIPPluginJar : add adc
2024-02-25 18:51:46,371 [INFO] IPUIPlugin:80 - create IPUIPlugin
2024-02-25 18:51:46,371 [INFO] PluginManager:220 - loadIPPluginJar : add aes
2024-02-25 18:51:46,372 [INFO] IPUIPlugin:80 - create IPUIPlugin
2024-02-25 18:51:46,373 [INFO] PluginManager:220 - loadIPPluginJar : add can
2024-02-25 18:51:46,374 [INFO] IPUIPlugin:80 - create IPUIPlugin
2024-02-25 18:51:46,374 [INFO] PluginManager:220 - loadIPPluginJar : add comp
2024-02-25 18:51:46,375 [INFO] IPUIPlugin:80 - create IPUIPlugin
2024-02-25 18:51:46,375 [INFO] PluginManager:220 - loadIPPluginJar : add cryp
2024-02-25 18:51:46,377 [INFO] IPUIPlugin:80 - create IPUIPlugin
2024-02-25 18:51:46,377 [INFO] PluginManager:220 - loadIPPluginJar : add dfsdm
2024-02-25 18:51:46,380 [INFO] IPUIPlugin:80 - create IPUIPlugin
2024-02-25 18:51:46,381 [INFO] PluginManager:220 - loadIPPluginJar : add dma
2024-02-25 18:51:46,382 [INFO] IPUIPlugin:80 - create IPUIPlugin
2024-02-25 18:51:46,382 [INFO] PluginManager:220 - loadIPPluginJar : add dma3
2024-02-25 18:51:46,383 [INFO] IPUIPlugin:80 - create IPUIPlugin
2024-02-25 18:51:46,383 [INFO] PluginManager:220 - loadIPPluginJar : add fatfs
2024-02-25 18:51:46,386 [INFO] IPUIPlugin:80 - create IPUIPlugin
2024-02-25 18:51:46,386 [INFO] PluginManager:220 - loadIPPluginJar : add fmc
2024-02-25 18:51:46,389 [INFO] IPUIPlugin:80 - create IPUIPlugin
2024-02-25 18:51:46,389 [INFO] PluginManager:220 - loadIPPluginJar : add freertos
2024-02-25 18:51:46,390 [INFO] IPUIPlugin:80 - create IPUIPlugin
2024-02-25 18:51:46,390 [INFO] PluginManager:220 - loadIPPluginJar : add genericplugin
2024-02-25 18:51:46,392 [INFO] IPUIPlugin:80 - create IPUIPlugin
2024-02-25 18:51:46,392 [INFO] PluginManager:220 - loadIPPluginJar : add gfxmmu
2024-02-25 18:51:46,395 [INFO] IPUIPlugin:80 - create IPUIPlugin
2024-02-25 18:51:46,395 [INFO] PluginManager:220 - loadIPPluginJar : add gic
2024-02-25 18:51:46,397 [INFO] IPUIPlugin:80 - create IPUIPlugin
2024-02-25 18:51:46,397 [INFO] PluginManager:220 - loadIPPluginJar : add gpio
2024-02-25 18:51:46,399 [INFO] IPUIPlugin:80 - create IPUIPlugin
2024-02-25 18:51:46,399 [INFO] PluginManager:220 - loadIPPluginJar : add gtzc
2024-02-25 18:51:46,400 [INFO] IPUIPlugin:80 - create IPUIPlugin
2024-02-25 18:51:46,400 [INFO] PluginManager:220 - loadIPPluginJar : add hash
2024-02-25 18:51:46,402 [INFO] IPUIPlugin:80 - create IPUIPlugin
2024-02-25 18:51:46,402 [INFO] PluginManager:220 - loadIPPluginJar : add i2c
2024-02-25 18:51:46,403 [INFO] IPUIPlugin:80 - create IPUIPlugin
2024-02-25 18:51:46,403 [INFO] PluginManager:220 - loadIPPluginJar : add i2s
2024-02-25 18:51:46,405 [INFO] IPUIPlugin:80 - create IPUIPlugin
2024-02-25 18:51:46,405 [INFO] PluginManager:220 - loadIPPluginJar : add i3c
2024-02-25 18:51:46,407 [INFO] IPUIPlugin:80 - create IPUIPlugin
2024-02-25 18:51:46,407 [INFO] PluginManager:220 - loadIPPluginJar : add ipddr
2024-02-25 18:51:46,411 [INFO] IPUIPlugin:80 - create IPUIPlugin
2024-02-25 18:51:46,411 [INFO] PluginManager:220 - loadIPPluginJar : add linkedlist
2024-02-25 18:51:46,413 [INFO] IPUIPlugin:80 - create IPUIPlugin
2024-02-25 18:51:46,413 [INFO] PluginManager:220 - loadIPPluginJar : add lorawan
2024-02-25 18:51:46,414 [INFO] IPUIPlugin:80 - create IPUIPlugin
2024-02-25 18:51:46,414 [INFO] PluginManager:220 - loadIPPluginJar : add ltdc
2024-02-25 18:51:46,417 [INFO] IPUIPlugin:80 - create IPUIPlugin
2024-02-25 18:51:46,417 [INFO] PluginManager:220 - loadIPPluginJar : add mdma
2024-02-25 18:51:46,419 [INFO] IPUIPlugin:80 - create IPUIPlugin
2024-02-25 18:51:46,419 [INFO] PluginManager:220 - loadIPPluginJar : add nvic
2024-02-25 18:51:46,421 [INFO] IPUIPlugin:80 - create IPUIPlugin
2024-02-25 18:51:46,421 [INFO] PluginManager:220 - loadIPPluginJar : add opamp
2024-02-25 18:51:46,423 [INFO] IPUIPlugin:80 - create IPUIPlugin
2024-02-25 18:51:46,423 [INFO] PluginManager:220 - loadIPPluginJar : add openamp
2024-02-25 18:51:46,425 [INFO] IPUIPlugin:80 - create IPUIPlugin
2024-02-25 18:51:46,425 [INFO] PluginManager:220 - loadIPPluginJar : add pdm2pcm
2024-02-25 18:51:46,428 [INFO] IPUIPlugin:80 - create IPUIPlugin
2024-02-25 18:51:46,430 [INFO] PluginManager:220 - loadIPPluginJar : add plateformsettings
2024-02-25 18:51:46,431 [INFO] IPUIPlugin:80 - create IPUIPlugin
2024-02-25 18:51:46,431 [INFO] PluginManager:220 - loadIPPluginJar : add quadspi
2024-02-25 18:51:46,433 [INFO] IPUIPlugin:80 - create IPUIPlugin
2024-02-25 18:51:46,433 [INFO] PluginManager:220 - loadIPPluginJar : add resmgrutility
2024-02-25 18:51:46,434 [INFO] IPUIPlugin:80 - create IPUIPlugin
2024-02-25 18:51:46,434 [INFO] PluginManager:220 - loadIPPluginJar : add sai
2024-02-25 18:51:46,436 [INFO] IPUIPlugin:80 - create IPUIPlugin
2024-02-25 18:51:46,436 [INFO] PluginManager:220 - loadIPPluginJar : add spi
2024-02-25 18:51:46,439 [INFO] IPUIPlugin:80 - create IPUIPlugin
2024-02-25 18:51:46,439 [INFO] PluginManager:220 - loadIPPluginJar : add stm32_wpan
2024-02-25 18:51:46,440 [INFO] IPUIPlugin:80 - create IPUIPlugin
2024-02-25 18:51:46,440 [INFO] PluginManager:220 - loadIPPluginJar : add tim
2024-02-25 18:51:46,442 [INFO] IPUIPlugin:80 - create IPUIPlugin
2024-02-25 18:51:46,442 [INFO] PluginManager:220 - loadIPPluginJar : add touchsensing
2024-02-25 18:51:46,443 [INFO] IPUIPlugin:80 - create IPUIPlugin
2024-02-25 18:51:46,443 [INFO] PluginManager:220 - loadIPPluginJar : add tracer_emb
2024-02-25 18:51:46,444 [INFO] IPUIPlugin:80 - create IPUIPlugin
2024-02-25 18:51:46,444 [INFO] PluginManager:220 - loadIPPluginJar : add ts
2024-02-25 18:51:46,445 [INFO] IPUIPlugin:80 - create IPUIPlugin
2024-02-25 18:51:46,445 [INFO] PluginManager:220 - loadIPPluginJar : add tsc
2024-02-25 18:51:46,446 [INFO] IPUIPlugin:80 - create IPUIPlugin
2024-02-25 18:51:46,446 [INFO] PluginManager:220 - loadIPPluginJar : add ucpd
2024-02-25 18:51:46,448 [INFO] IPUIPlugin:80 - create IPUIPlugin
2024-02-25 18:51:46,448 [INFO] PluginManager:220 - loadIPPluginJar : add usart
2024-02-25 18:51:46,450 [INFO] IPUIPlugin:80 - create IPUIPlugin
2024-02-25 18:51:46,450 [INFO] PluginManager:220 - loadIPPluginJar : add usbx
2024-02-25 18:51:46,552 [INFO] CADModel:165 - CPN selected for project level
2024-02-25 18:51:46,552 [INFO] CADModel:114 - Register for checkConnection events
2024-02-25 18:51:46,552 [FATAL] Updater:308 - Updater called before beeing initialized
2024-02-25 18:51:46,553 [ERROR] CADModel:125 - Updater not yet initialized, retry later 
2024-02-25 18:51:46,632 [INFO] CADModel:165 - CPN selected for project level
2024-02-25 18:51:46,632 [INFO] CADModel:114 - Register for checkConnection events
2024-02-25 18:51:46,632 [FATAL] Updater:308 - Updater called before beeing initialized
2024-02-25 18:51:46,632 [ERROR] CADModel:125 - Updater not yet initialized, retry later 
2024-02-25 18:51:46,634 [FATAL] Updater:308 - Updater called before beeing initialized
2024-02-25 18:51:46,695 [FATAL] Updater:308 - Updater called before beeing initialized
2024-02-25 18:51:46,698 [INFO] DbMcusAds:53 - JSON generation date=Wed Nov 29 11:52:27 CET 2023 (1701255147349)
2024-02-25 18:51:46,698 [FATAL] Updater:308 - Updater called before beeing initialized
2024-02-25 18:51:46,721 [WARN] DetailPanel:346 - Failed to get advertising image, set to default
2024-02-25 18:51:46,787 [FATAL] Updater:308 - Updater called before beeing initialized
2024-02-25 18:51:46,788 [FATAL] Updater:308 - Updater called before beeing initialized
2024-02-25 18:51:46,788 [FATAL] Updater:308 - Updater called before beeing initialized
2024-02-25 18:51:46,788 [WARN] DetailPanel:346 - Failed to get advertising image, set to default
2024-02-25 18:51:46,789 [FATAL] Updater:308 - Updater called before beeing initialized
2024-02-25 18:51:46,815 [ERROR] Updater:1120 - MainUpdater not yet initialized. External WinMGr cannot be set.
2024-02-25 18:51:46,816 [INFO] Updater:1056 - Updater Version found : 6.10.0
2024-02-25 18:51:46,827 [INFO] ApplicationProperties:184 - Using Application install path: C:\ST\STM32CubeIDE_1.14.0\STM32CubeIDE\plugins\com.st.stm32cube.common.mx_6.10.0.202311202037
2024-02-25 18:51:48,440 [ERROR] LogOutputStream:75 - [STDERR_REDIRECT] Feb 25, 2024 6:51:48 PM java.util.prefs.WindowsPreferences <init>
2024-02-25 18:51:48,442 [ERROR] LogOutputStream:75 - [STDERR_REDIRECT] WARNING: Could not open/create prefs root node Software\JavaSoft\Prefs at root 0xffffffff80000002. Windows RegCreateKeyEx(...) returned error code 5.
2024-02-25 18:51:48,442 [ERROR] LogOutputStream:75 - [STDERR_REDIRECT] 
2024-02-25 18:51:48,732 [INFO] MainUpdater:2873 - connection check result : 10
2024-02-25 18:51:48,732 [INFO] MainUpdater:290 - Updater Check For Update Now.
2024-02-25 18:51:48,732 [INFO] MicroXplorer:498 - Change Database Version : DB.6.0.100
2024-02-25 18:51:48,737 [INFO] McuFinderGlobals:63 - Set McuFinder mode to 2 (CubeIDE integrated)
2024-02-25 18:51:48,737 [INFO] UserAuth:180 - activating auth plugin
2024-02-25 18:51:48,739 [INFO] UserAuth:404 - Internet connection configuration mode: 1
2024-02-25 18:51:48,761 [INFO] JxBrowserEngine:152 - Initiate JxBrowser Engine with user profile folder
2024-02-25 18:51:48,899 [INFO] CheckServerUpdateThread:120 - End of CheckServer Thread
2024-02-25 18:51:49,193 [INFO] WebApp:161 - Instantiating new browser for Auth
2024-02-25 18:51:49,290 [WARN] PackLoader:240 - Cannot read IP mode file for STMicroelectronics.X-CUBE-SMBUS.2.1.0
2024-02-25 18:51:49,296 [WARN] PackLoader:240 - Cannot read IP mode file for STMicroelectronics.X-CUBE-TOUCHGFX.4.23.0
2024-02-25 18:51:49,318 [WARN] PackLoader:240 - Cannot read IP mode file for STMicroelectronics.X-CUBE-AZRTOS-F7.1.1.0
2024-02-25 18:51:49,329 [WARN] PackLoader:240 - Cannot read IP mode file for STMicroelectronics.FP-SNS-MOTENV1.4.3.2
2024-02-25 18:51:49,335 [WARN] PackLoader:240 - Cannot read IP mode file for STMicroelectronics.FP-SNS-FLIGHT1.5.0.2
2024-02-25 18:51:49,345 [WARN] PackLoader:240 - Cannot read IP mode file for STMicroelectronics.X-CUBE-DISPLAY.3.0.0
2024-02-25 18:51:49,358 [WARN] PackLoader:240 - Cannot read IP mode file for STMicroelectronics.X-CUBE-BLE1.7.0.0
2024-02-25 18:51:49,364 [WARN] PackLoader:240 - Cannot read IP mode file for emotas.I-CUBE-CANOPEN.1.3.0
2024-02-25 18:51:49,368 [WARN] PackLoader:240 - Cannot read IP mode file for STMicroelectronics.FP-SNS-SMARTAG2.1.2.0
2024-02-25 18:51:49,381 [INFO] LogOutputStream:77 - [STDOUT_REDIRECT] 1 : Invalid condition id : UX_CORESTACK_Condition cause : null
2024-02-25 18:51:49,382 [INFO] LogOutputStream:77 - [STDOUT_REDIRECT] 1 : Invalid condition id : UX_CORESTACK_Condition cause : null
2024-02-25 18:51:49,383 [INFO] LogOutputStream:77 - [STDOUT_REDIRECT] 1 : Invalid condition id : UX_CORESTACK_Condition cause : null
2024-02-25 18:51:49,384 [INFO] LogOutputStream:77 - [STDOUT_REDIRECT] 1 : Invalid condition id : UX_CORESTACK_Condition cause : null
2024-02-25 18:51:49,385 [INFO] LogOutputStream:77 - [STDOUT_REDIRECT] 1 : Invalid condition id : UX_CORESTACK_Condition cause : null
2024-02-25 18:51:49,388 [WARN] PackLoader:240 - Cannot read IP mode file for STMicroelectronics.X-CUBE-AZRTOS-WL.2.0.0
2024-02-25 18:51:49,400 [WARN] PackLoader:240 - Cannot read IP mode file for WES.I-CUBE-Cesium.1.3.0
2024-02-25 18:51:49,405 [WARN] PackLoader:240 - Cannot read IP mode file for STMicroelectronics.X-CUBE-BLE2.3.3.0
2024-02-25 18:51:49,411 [WARN] PackLoader:240 - Cannot read IP mode file for STMicroelectronics.X-CUBE-ALGOBUILD.1.3.0
2024-02-25 18:51:49,426 [WARN] PackLoader:240 - Cannot read IP mode file for STMicroelectronics.X-CUBE-AZRTOS-G0.1.1.0
2024-02-25 18:51:49,431 [WARN] PackLoader:240 - Cannot read IP mode file for STMicroelectronics.X-CUBE-NFC4.3.0.0
2024-02-25 18:51:49,439 [WARN] PackLoader:240 - Cannot read IP mode file for STMicroelectronics.X-CUBE-BLEMGR.3.0.0
2024-02-25 18:51:49,444 [WARN] PackLoader:240 - Cannot read IP mode file for STMicroelectronics.FP-ATR-SIGFOX1.3.2.0
2024-02-25 18:51:49,449 [WARN] PackLoader:240 - Cannot read IP mode file for STMicroelectronics.X-CUBE-EEPRMA1.5.1.0
2024-02-25 18:51:49,476 [WARN] PackLoader:240 - Cannot read IP mode file for SEGGER.I-CUBE-embOS.1.3.1
2024-02-25 18:51:49,500 [WARN] PackLoader:240 - Cannot read IP mode file for STMicroelectronics.X-CUBE-GNSS1.6.0.0
2024-02-25 18:51:49,513 [WARN] PackLoader:240 - Cannot read IP mode file for STMicroelectronics.X-CUBE-AZRTOS-F4.1.1.0
2024-02-25 18:51:49,519 [WARN] PackLoader:240 - Cannot read IP mode file for wolfSSL.I-CUBE-wolfSSL.5.6.6
2024-02-25 18:51:49,529 [WARN] PackLoader:240 - Cannot read IP mode file for STMicroelectronics.X-CUBE-AZRTOS-L5.2.0.0
2024-02-25 18:51:49,534 [WARN] PackLoader:240 - Cannot read IP mode file for STMicroelectronics.X-CUBE-EEPRMA1.4.2.0
2024-02-25 18:51:49,539 [WARN] PackLoader:240 - Cannot read IP mode file for ITTIA_DB.I-CUBE-ITTIADB.8.8.0
2024-02-25 18:51:49,543 [WARN] PackLoader:240 - Cannot read IP mode file for STMicroelectronics.X-CUBE-NFC7.1.0.1
2024-02-25 18:51:49,550 [WARN] PackLoader:240 - Cannot read IP mode file for STMicroelectronics.X-CUBE-NFC6.3.0.0
2024-02-25 18:51:49,555 [WARN] PackLoader:240 - Cannot read IP mode file for STMicroelectronics.X-CUBE-AI.8.1.0
2024-02-25 18:51:49,569 [WARN] ConditionMgr:438 - getConditionDescription Invalid condition id : LAN8742 Phy interface Condition cause : null
2024-02-25 18:51:49,570 [WARN] PackLoader:240 - Cannot read IP mode file for STMicroelectronics.X-CUBE-AZRTOS-L4.2.0.0
2024-02-25 18:51:49,571 [WARN] ConditionMgr:1039 - genDependencies : Invalid condition id : LAN8742 Phy interface Condition cause : null
2024-02-25 18:51:49,571 [WARN] ConditionMgr:1039 - genDependencies : Invalid condition id : LAN8742 Phy interface Condition cause : null
2024-02-25 18:51:49,572 [WARN] ConditionMgr:1039 - genDependencies : Invalid condition id : LAN8742 Phy interface Condition cause : null
2024-02-25 18:51:49,578 [WARN] PackLoader:240 - Cannot read IP mode file for STMicroelectronics.X-CUBE-SFXS2LP1.4.0.0
2024-02-25 18:51:49,589 [WARN] ConditionMgr:438 - getConditionDescription Invalid condition id : UX DEVICE CLASS RTOS Condition cause : null
2024-02-25 18:51:49,589 [WARN] ConditionMgr:438 - getConditionDescription Invalid condition id : UX DEVICE CLASS RTOS Condition cause : null
2024-02-25 18:51:49,591 [WARN] PackLoader:240 - Cannot read IP mode file for STMicroelectronics.X-CUBE-AZRTOS-WB.2.0.0
2024-02-25 18:51:49,591 [WARN] ConditionMgr:1039 - genDependencies : Invalid condition id : UX DEVICE CLASS RTOS Condition cause : null
2024-02-25 18:51:49,591 [WARN] ConditionMgr:1039 - genDependencies : Invalid condition id : UX DEVICE CLASS RTOS Condition cause : null
2024-02-25 18:51:49,592 [WARN] ConditionMgr:1039 - genDependencies : Invalid condition id : UX DEVICE CLASS RTOS Condition cause : null
2024-02-25 18:51:49,592 [WARN] ConditionMgr:1039 - genDependencies : Invalid condition id : UX DEVICE CLASS RTOS Condition cause : null
2024-02-25 18:51:49,592 [WARN] ConditionMgr:1039 - genDependencies : Invalid condition id : UX DEVICE CLASS RTOS Condition cause : null
2024-02-25 18:51:49,601 [WARN] PackLoader:240 - Cannot read IP mode file for STMicroelectronics.X-CUBE-SUBG2.5.0.0
2024-02-25 18:51:49,616 [WARN] PackLoader:240 - Cannot read IP mode file for STMicroelectronics.X-CUBE-AZRTOS-G4.2.0.0
2024-02-25 18:51:49,624 [WARN] PackLoader:240 - Cannot read IP mode file for Infineon.AIROC-Wi-Fi-Bluetooth-STM32.1.5.1
2024-02-25 18:51:49,629 [WARN] PackLoader:240 - Cannot read IP mode file for STMicroelectronics.FP-SNS-MOTENVWB1.1.3.1
2024-02-25 18:51:49,632 [WARN] PackLoader:240 - Cannot read IP mode file for STMicroelectronics.X-CUBE-ISPU.2.0.0
2024-02-25 18:51:49,651 [WARN] PackLoader:240 - Cannot read IP mode file for STMicroelectronics.X-CUBE-MEMS1.10.0.0
2024-02-25 18:51:49,716 [WARN] PackLoader:240 - Cannot read IP mode file for STMicroelectronics.X-CUBE-FREERTOS.1.1.0
2024-02-25 18:51:49,720 [WARN] PackLoader:240 - Cannot read IP mode file for portGmbH.I-Cube-SoM-uGOAL.1.1.0
2024-02-25 18:51:49,723 [WARN] PackLoader:240 - Cannot read IP mode file for STMicroelectronics.X-CUBE-ALS.1.0.1
2024-02-25 18:51:49,725 [WARN] PackLoader:240 - Cannot read IP mode file for STMicroelectronics.FP-ATR-ASTRA1.2.0.0
2024-02-25 18:51:49,730 [WARN] PackLoader:240 - Cannot read IP mode file for STMicroelectronics.X-CUBE-TOF1.3.4.0
2024-02-25 18:51:49,745 [WARN] PackLoader:240 - Cannot read IP mode file for STMicroelectronics.X-CUBE-AZRTOS-H7.3.2.0
2024-02-25 18:51:49,747 [INFO] ThirdParty:978 - Integrity check success = true
2024-02-25 18:51:49,747 [INFO] IntegrityCheckThread:100 - exiting critical section [integrity check]
2024-02-25 18:51:49,747 [INFO] IntegrityCheckThread:103 - End integrity checks thread
2024-02-25 18:51:50,049 [INFO] WebApp:780 - Register for checkConnection events
2024-02-25 18:51:50,049 [INFO] WebApp:414 - Apply proxy settings
2024-02-25 18:51:50,049 [INFO] WebApp:499 - Chromium requires no authentication
2024-02-25 18:51:50,055 [INFO] WebApp:442 - Direct internet connection detected
2024-02-25 18:51:50,181 [INFO] WebApp:192 - Starting web application
2024-02-25 18:51:50,181 [INFO] WebApp:544 - Web application path used C:\ST\STM32CubeIDE_1.14.0\STM32CubeIDE\plugins\com.st.stm32cube.common.mx_6.10.0.202311202037\db\plugins\mcufinder\reactClient1\index.html
2024-02-25 18:52:10,615 [ERROR] LogOutputStream:75 - [STDERR_REDIRECT] SLF4J: Failed to load class "org.slf4j.impl.StaticLoggerBinder".
2024-02-25 18:52:10,616 [ERROR] LogOutputStream:75 - [STDERR_REDIRECT] SLF4J: Defaulting to no-operation (NOP) logger implementation
2024-02-25 18:52:10,617 [ERROR] LogOutputStream:75 - [STDERR_REDIRECT] SLF4J: See http://www.slf4j.org/codes.html#StaticLoggerBinder for further details.
2024-02-25 18:53:54,370 [ERROR] LogOutputStream:75 - [STDERR_REDIRECT] 
