2024-05-17 12:43:39,653 [INFO] Activator:176 - 


2024-05-17 12:43:39,657 [INFO] Activator:177 - !SESSION log4j initialized
2024-05-17 12:43:43,802 [INFO] LogOutputStream:77 - [STDOUT_REDIRECT] 
2024-05-17 12:43:44,978 [INFO] ApplicationProperties:184 - Using Application install path: C:\ST\STM32CubeIDE_1.14.0\STM32CubeIDE\plugins\com.st.stm32cube.common.mx_6.10.0.202311202037
2024-05-17 12:43:44,985 [INFO] DbMcusXml:78 - Set database path to: C:\ST\STM32CubeIDE_1.14.0\STM32CubeIDE\plugins\com.st.stm32cube.common.mx_6.10.0.202311202037\\db\/mcu/
2024-05-17 12:43:44,985 [INFO] ApiDb:274 - Set plugin database path to: C:\ST\STM32CubeIDE_1.14.0\STM32CubeIDE\plugins\com.st.stm32cube.common.mx_6.10.0.202311202037\\db\/plugins/boardmanager/
2024-05-17 12:43:44,985 [WARN] ApiDb:259 - Overriding images path with different value:  => C:\ST\STM32CubeIDE_1.14.0\STM32CubeIDE\plugins\com.st.stm32cube.common.mx_6.10.0.202311202037\\db\/plugins/mcufinder/images/
2024-05-17 12:43:44,991 [INFO] ApiDb:250 - Set database path to: C:\Users\mt150\.stmcufinder\plugins\mcufinder//mcu/
2024-05-17 12:43:44,992 [INFO] DbMcusAds:125 - Set database path to: C:\Users\mt150\.stmcufinder\plugins\mcufinder//mcu/
2024-05-17 12:43:44,993 [INFO] CrossReferenceDbSqlite:203 - Set database path to: C:\Users\mt150\.stmcufinder\plugins\mcufinder//mcu/cs/
2024-05-17 12:43:45,043 [INFO] DbMcusXml:78 - Set database path to: C:\ST\STM32CubeIDE_1.14.0\STM32CubeIDE\plugins\com.st.stm32cube.common.mx_6.10.0.202311202037\\db\/mcu/
2024-05-17 12:43:45,043 [INFO] ApiDb:274 - Set plugin database path to: C:\ST\STM32CubeIDE_1.14.0\STM32CubeIDE\plugins\com.st.stm32cube.common.mx_6.10.0.202311202037\\db\/plugins/boardmanager/
2024-05-17 12:43:45,044 [INFO] ApiDb:261 - Set plugin images path to: C:\ST\STM32CubeIDE_1.14.0\STM32CubeIDE\plugins\com.st.stm32cube.common.mx_6.10.0.202311202037\\db\/plugins/mcufinder/images/
2024-05-17 12:43:45,044 [WARN] DbFile:41 - Overriding database path with different value: C:\Users\mt150\.stmcufinder\plugins\mcufinder/ => C:\Users\mt150\.stmcufinder\plugins\mcufinder
2024-05-17 12:43:45,044 [INFO] ApiDb:250 - Set database path to: C:\Users\mt150\.stmcufinder\plugins\mcufinder//mcu/
2024-05-17 12:43:45,044 [WARN] DbFile:41 - Overriding database path with different value: C:\Users\mt150\.stmcufinder\plugins\mcufinder/ => C:\Users\mt150\.stmcufinder\plugins\mcufinder
2024-05-17 12:43:45,044 [INFO] DbMcusAds:125 - Set database path to: C:\Users\mt150\.stmcufinder\plugins\mcufinder//mcu/
2024-05-17 12:43:45,044 [WARN] DbFile:41 - Overriding database path with different value: C:\Users\mt150\.stmcufinder\plugins\mcufinder/ => C:\Users\mt150\.stmcufinder\plugins\mcufinder
2024-05-17 12:43:45,044 [WARN] DbFile:41 - Overriding database path with different value: C:\Users\mt150\.stmcufinder\plugins\mcufinder/ => C:\Users\mt150\.stmcufinder\plugins\mcufinder
2024-05-17 12:43:45,044 [INFO] CrossReferenceDbSqlite:203 - Set database path to: C:\Users\mt150\.stmcufinder\plugins\mcufinder//mcu/cs/
2024-05-17 12:43:45,095 [INFO] MainPanel:264 - HeapMemory: 268435456
2024-05-17 12:43:45,152 [INFO] DbMcusXml:78 - Set database path to: C:\ST\STM32CubeIDE_1.14.0\STM32CubeIDE\plugins\com.st.stm32cube.common.mx_6.10.0.202311202037\\db\/mcu/
2024-05-17 12:43:45,152 [INFO] ApiDb:274 - Set plugin database path to: C:\ST\STM32CubeIDE_1.14.0\STM32CubeIDE\plugins\com.st.stm32cube.common.mx_6.10.0.202311202037\\db\/plugins/boardmanager/
2024-05-17 12:43:45,152 [INFO] ApiDb:261 - Set plugin images path to: C:\ST\STM32CubeIDE_1.14.0\STM32CubeIDE\plugins\com.st.stm32cube.common.mx_6.10.0.202311202037\\db\/plugins/mcufinder/images/
2024-05-17 12:43:45,153 [WARN] DbFile:41 - Overriding database path with different value: C:\Users\mt150\.stmcufinder\plugins\mcufinder/ => C:\Users\mt150\.stmcufinder\plugins\mcufinder
2024-05-17 12:43:45,153 [INFO] ApiDb:250 - Set database path to: C:\Users\mt150\.stmcufinder\plugins\mcufinder//mcu/
2024-05-17 12:43:45,153 [WARN] DbFile:41 - Overriding database path with different value: C:\Users\mt150\.stmcufinder\plugins\mcufinder/ => C:\Users\mt150\.stmcufinder\plugins\mcufinder
2024-05-17 12:43:45,153 [INFO] DbMcusAds:125 - Set database path to: C:\Users\mt150\.stmcufinder\plugins\mcufinder//mcu/
2024-05-17 12:43:45,153 [WARN] DbFile:41 - Overriding database path with different value: C:\Users\mt150\.stmcufinder\plugins\mcufinder/ => C:\Users\mt150\.stmcufinder\plugins\mcufinder
2024-05-17 12:43:45,153 [WARN] DbFile:41 - Overriding database path with different value: C:\Users\mt150\.stmcufinder\plugins\mcufinder/ => C:\Users\mt150\.stmcufinder\plugins\mcufinder
2024-05-17 12:43:45,153 [INFO] CrossReferenceDbSqlite:203 - Set database path to: C:\Users\mt150\.stmcufinder\plugins\mcufinder//mcu/cs/
2024-05-17 12:43:45,165 [INFO] ApplicationProperties:184 - Using Application install path: C:\ST\STM32CubeIDE_1.14.0\STM32CubeIDE\plugins\com.st.stm32cube.common.mx_6.10.0.202311202037
2024-05-17 12:43:45,166 [INFO] PluginManage:196 - Search for loadable plugins [exclusion list=, ]
2024-05-17 12:43:45,167 [INFO] PluginManage:310 - Check plugin analytics
2024-05-17 12:43:45,288 [INFO] AnalyticsPlugin:253 - Accepted Software Licenses: 
2024-05-17 12:43:45,289 [INFO] AnalyticsPlugin:255 - Accepted CMSIS Pack Licenses: 
2024-05-17 12:43:45,289 [INFO] AnalyticsPlugin:257 - Accepted Firmware Licenses: 
2024-05-17 12:43:45,291 [INFO] PluginManage:359 - Loaded plugin analytics (category:tool,tabindex:-1)
2024-05-17 12:43:45,292 [INFO] PluginManage:310 - Check plugin cadmodel
2024-05-17 12:43:45,296 [INFO] CADModel:105 - Init CAD model plugin
2024-05-17 12:43:45,296 [INFO] PluginManage:359 - Loaded plugin cadmodel (category:power,tabindex:5)
2024-05-17 12:43:45,296 [INFO] PluginManage:310 - Check plugin clock
2024-05-17 12:43:45,304 [INFO] PluginManage:359 - Loaded plugin clock (category:base,tabindex:2)
2024-05-17 12:43:45,304 [INFO] PluginManage:310 - Check plugin ddr
2024-05-17 12:43:45,306 [INFO] PluginManage:359 - Loaded plugin ddr (category:tool,tabindex:6)
2024-05-17 12:43:45,306 [INFO] PluginManage:310 - Check plugin filemanager
2024-05-17 12:43:45,409 [INFO] PluginManage:359 - Loaded plugin filemanager (category:base,tabindex:10)
2024-05-17 12:43:45,410 [INFO] PluginManage:310 - Check plugin ipmanager
2024-05-17 12:43:45,415 [INFO] PluginManage:359 - Loaded plugin ipmanager (category:base,tabindex:5)
2024-05-17 12:43:45,415 [INFO] PluginManage:310 - Check plugin lpbam
2024-05-17 12:43:45,422 [INFO] PluginManage:359 - Loaded plugin lpbam (category:base,tabindex:0)
2024-05-17 12:43:45,422 [INFO] PluginManage:310 - Check plugin memorymap
2024-05-17 12:43:45,433 [INFO] PluginManage:359 - Loaded plugin memorymap (category:base,tabindex:4)
2024-05-17 12:43:45,433 [INFO] PluginManage:310 - Check plugin pinoutandconfiguration
2024-05-17 12:43:45,439 [INFO] PluginManage:359 - Loaded plugin pinoutandconfiguration (category:base,tabindex:1)
2024-05-17 12:43:45,439 [INFO] PluginManage:310 - Check plugin pinoutconfig
2024-05-17 12:43:45,504 [WARN] SupportedApi:132 - Cannot load RTOS API schema: s4s-elt-must-match.1: The content of 'definitions' must match (annotation?, (simpleType | complexType)?, (unique | key | keyref)*)). A problem was found starting at: attribute.
2024-05-17 12:43:45,588 [INFO] PluginManage:359 - Loaded plugin pinoutconfig (category:base,tabindex:0)
2024-05-17 12:43:45,588 [INFO] PluginManage:310 - Check plugin power
2024-05-17 12:43:45,596 [INFO] PluginManage:359 - Loaded plugin power (category:power,tabindex:4)
2024-05-17 12:43:45,596 [INFO] PluginManage:310 - Check plugin projectmanager
2024-05-17 12:43:45,609 [INFO] PluginManage:359 - Loaded plugin projectmanager (category:projectmanager,tabindex:3)
2024-05-17 12:43:45,609 [INFO] PluginManage:310 - Check plugin thirdparty
2024-05-17 12:43:45,715 [WARN] IntegrityCheckThread:84 - waiting for thirdparty lock release [integrity check]
2024-05-17 12:43:45,716 [INFO] PluginManage:359 - Loaded plugin thirdparty (category:base,tabindex:-1)
2024-05-17 12:43:45,716 [INFO] PluginManage:310 - Check plugin tools
2024-05-17 12:43:45,716 [INFO] IntegrityCheckThread:86 - entering critical section [integrity check]
2024-05-17 12:43:45,716 [INFO] ThirdPartyUpdaterWithRetryManager:70 - Updater plugin not ready yet. [1/15]
2024-05-17 12:43:45,718 [INFO] PluginManage:359 - Loaded plugin tools (category:base,tabindex:7)
2024-05-17 12:43:45,718 [INFO] PluginManage:310 - Check plugin tutovideos
2024-05-17 12:43:45,819 [INFO] PluginManage:359 - Loaded plugin tutovideos (category:base,tabindex:-1)
2024-05-17 12:43:45,819 [INFO] PluginManage:310 - Check plugin updater
2024-05-17 12:43:45,826 [INFO] PluginManage:359 - Loaded plugin updater (category:base,tabindex:12)
2024-05-17 12:43:45,826 [INFO] PluginManage:310 - Check plugin userauth
2024-05-17 12:43:45,830 [INFO] UserAuth:114 - Init User Auth plugin
2024-05-17 12:43:45,830 [INFO] PluginManage:359 - Loaded plugin userauth (category:base,tabindex:14)
2024-05-17 12:43:45,830 [INFO] PluginManage:283 - PluginManage : Loaded plugins [17]
2024-05-17 12:43:45,951 [INFO] PinOutPanel:1499 - setPackage(No Configuration,No Configuration)
2024-05-17 12:43:45,993 [INFO] CADModel:165 - CPN selected for project level
2024-05-17 12:43:45,993 [INFO] CADModel:114 - Register for checkConnection events
2024-05-17 12:43:46,003 [INFO] IPUIPlugin:80 - create IPUIPlugin
2024-05-17 12:43:46,003 [INFO] PluginManager:220 - loadIPPluginJar : add adc
2024-05-17 12:43:46,005 [INFO] IPUIPlugin:80 - create IPUIPlugin
2024-05-17 12:43:46,005 [INFO] PluginManager:220 - loadIPPluginJar : add aes
2024-05-17 12:43:46,007 [INFO] IPUIPlugin:80 - create IPUIPlugin
2024-05-17 12:43:46,007 [INFO] PluginManager:220 - loadIPPluginJar : add can
2024-05-17 12:43:46,008 [INFO] IPUIPlugin:80 - create IPUIPlugin
2024-05-17 12:43:46,008 [INFO] PluginManager:220 - loadIPPluginJar : add comp
2024-05-17 12:43:46,010 [INFO] IPUIPlugin:80 - create IPUIPlugin
2024-05-17 12:43:46,010 [INFO] PluginManager:220 - loadIPPluginJar : add cryp
2024-05-17 12:43:46,012 [INFO] IPUIPlugin:80 - create IPUIPlugin
2024-05-17 12:43:46,012 [INFO] PluginManager:220 - loadIPPluginJar : add dfsdm
2024-05-17 12:43:46,015 [INFO] IPUIPlugin:80 - create IPUIPlugin
2024-05-17 12:43:46,016 [INFO] PluginManager:220 - loadIPPluginJar : add dma
2024-05-17 12:43:46,017 [INFO] IPUIPlugin:80 - create IPUIPlugin
2024-05-17 12:43:46,017 [INFO] PluginManager:220 - loadIPPluginJar : add dma3
2024-05-17 12:43:46,019 [INFO] IPUIPlugin:80 - create IPUIPlugin
2024-05-17 12:43:46,019 [INFO] PluginManager:220 - loadIPPluginJar : add fatfs
2024-05-17 12:43:46,021 [INFO] IPUIPlugin:80 - create IPUIPlugin
2024-05-17 12:43:46,021 [INFO] PluginManager:220 - loadIPPluginJar : add fmc
2024-05-17 12:43:46,024 [INFO] IPUIPlugin:80 - create IPUIPlugin
2024-05-17 12:43:46,024 [INFO] PluginManager:220 - loadIPPluginJar : add freertos
2024-05-17 12:43:46,025 [INFO] IPUIPlugin:80 - create IPUIPlugin
2024-05-17 12:43:46,025 [INFO] PluginManager:220 - loadIPPluginJar : add genericplugin
2024-05-17 12:43:46,027 [INFO] IPUIPlugin:80 - create IPUIPlugin
2024-05-17 12:43:46,027 [INFO] PluginManager:220 - loadIPPluginJar : add gfxmmu
2024-05-17 12:43:46,031 [INFO] IPUIPlugin:80 - create IPUIPlugin
2024-05-17 12:43:46,031 [INFO] PluginManager:220 - loadIPPluginJar : add gic
2024-05-17 12:43:46,033 [INFO] IPUIPlugin:80 - create IPUIPlugin
2024-05-17 12:43:46,033 [INFO] PluginManager:220 - loadIPPluginJar : add gpio
2024-05-17 12:43:46,035 [INFO] IPUIPlugin:80 - create IPUIPlugin
2024-05-17 12:43:46,035 [INFO] PluginManager:220 - loadIPPluginJar : add gtzc
2024-05-17 12:43:46,037 [INFO] IPUIPlugin:80 - create IPUIPlugin
2024-05-17 12:43:46,037 [INFO] PluginManager:220 - loadIPPluginJar : add hash
2024-05-17 12:43:46,039 [INFO] IPUIPlugin:80 - create IPUIPlugin
2024-05-17 12:43:46,039 [INFO] PluginManager:220 - loadIPPluginJar : add i2c
2024-05-17 12:43:46,041 [INFO] IPUIPlugin:80 - create IPUIPlugin
2024-05-17 12:43:46,041 [INFO] PluginManager:220 - loadIPPluginJar : add i2s
2024-05-17 12:43:46,043 [INFO] IPUIPlugin:80 - create IPUIPlugin
2024-05-17 12:43:46,043 [INFO] PluginManager:220 - loadIPPluginJar : add i3c
2024-05-17 12:43:46,045 [INFO] IPUIPlugin:80 - create IPUIPlugin
2024-05-17 12:43:46,045 [INFO] PluginManager:220 - loadIPPluginJar : add ipddr
2024-05-17 12:43:46,050 [INFO] IPUIPlugin:80 - create IPUIPlugin
2024-05-17 12:43:46,050 [INFO] PluginManager:220 - loadIPPluginJar : add linkedlist
2024-05-17 12:43:46,052 [INFO] IPUIPlugin:80 - create IPUIPlugin
2024-05-17 12:43:46,052 [INFO] PluginManager:220 - loadIPPluginJar : add lorawan
2024-05-17 12:43:46,053 [INFO] IPUIPlugin:80 - create IPUIPlugin
2024-05-17 12:43:46,053 [INFO] PluginManager:220 - loadIPPluginJar : add ltdc
2024-05-17 12:43:46,056 [INFO] IPUIPlugin:80 - create IPUIPlugin
2024-05-17 12:43:46,057 [INFO] PluginManager:220 - loadIPPluginJar : add mdma
2024-05-17 12:43:46,059 [INFO] IPUIPlugin:80 - create IPUIPlugin
2024-05-17 12:43:46,060 [INFO] PluginManager:220 - loadIPPluginJar : add nvic
2024-05-17 12:43:46,062 [INFO] IPUIPlugin:80 - create IPUIPlugin
2024-05-17 12:43:46,062 [INFO] PluginManager:220 - loadIPPluginJar : add opamp
2024-05-17 12:43:46,064 [INFO] IPUIPlugin:80 - create IPUIPlugin
2024-05-17 12:43:46,064 [INFO] PluginManager:220 - loadIPPluginJar : add openamp
2024-05-17 12:43:46,067 [INFO] IPUIPlugin:80 - create IPUIPlugin
2024-05-17 12:43:46,067 [INFO] PluginManager:220 - loadIPPluginJar : add pdm2pcm
2024-05-17 12:43:46,070 [INFO] IPUIPlugin:80 - create IPUIPlugin
2024-05-17 12:43:46,072 [INFO] PluginManager:220 - loadIPPluginJar : add plateformsettings
2024-05-17 12:43:46,073 [INFO] IPUIPlugin:80 - create IPUIPlugin
2024-05-17 12:43:46,073 [INFO] PluginManager:220 - loadIPPluginJar : add quadspi
2024-05-17 12:43:46,075 [INFO] IPUIPlugin:80 - create IPUIPlugin
2024-05-17 12:43:46,075 [INFO] PluginManager:220 - loadIPPluginJar : add resmgrutility
2024-05-17 12:43:46,077 [INFO] IPUIPlugin:80 - create IPUIPlugin
2024-05-17 12:43:46,077 [INFO] PluginManager:220 - loadIPPluginJar : add sai
2024-05-17 12:43:46,079 [INFO] IPUIPlugin:80 - create IPUIPlugin
2024-05-17 12:43:46,079 [INFO] PluginManager:220 - loadIPPluginJar : add spi
2024-05-17 12:43:46,082 [INFO] IPUIPlugin:80 - create IPUIPlugin
2024-05-17 12:43:46,083 [INFO] PluginManager:220 - loadIPPluginJar : add stm32_wpan
2024-05-17 12:43:46,084 [INFO] IPUIPlugin:80 - create IPUIPlugin
2024-05-17 12:43:46,084 [INFO] PluginManager:220 - loadIPPluginJar : add tim
2024-05-17 12:43:46,086 [INFO] IPUIPlugin:80 - create IPUIPlugin
2024-05-17 12:43:46,086 [INFO] PluginManager:220 - loadIPPluginJar : add touchsensing
2024-05-17 12:43:46,087 [INFO] IPUIPlugin:80 - create IPUIPlugin
2024-05-17 12:43:46,087 [INFO] PluginManager:220 - loadIPPluginJar : add tracer_emb
2024-05-17 12:43:46,089 [INFO] IPUIPlugin:80 - create IPUIPlugin
2024-05-17 12:43:46,089 [INFO] PluginManager:220 - loadIPPluginJar : add ts
2024-05-17 12:43:46,090 [INFO] IPUIPlugin:80 - create IPUIPlugin
2024-05-17 12:43:46,090 [INFO] PluginManager:220 - loadIPPluginJar : add tsc
2024-05-17 12:43:46,091 [INFO] IPUIPlugin:80 - create IPUIPlugin
2024-05-17 12:43:46,091 [INFO] PluginManager:220 - loadIPPluginJar : add ucpd
2024-05-17 12:43:46,093 [INFO] IPUIPlugin:80 - create IPUIPlugin
2024-05-17 12:43:46,093 [INFO] PluginManager:220 - loadIPPluginJar : add usart
2024-05-17 12:43:46,095 [INFO] IPUIPlugin:80 - create IPUIPlugin
2024-05-17 12:43:46,095 [INFO] PluginManager:220 - loadIPPluginJar : add usbx
2024-05-17 12:43:46,200 [INFO] CADModel:165 - CPN selected for project level
2024-05-17 12:43:46,200 [INFO] CADModel:114 - Register for checkConnection events
2024-05-17 12:43:46,200 [FATAL] Updater:308 - Updater called before beeing initialized
2024-05-17 12:43:46,200 [ERROR] CADModel:125 - Updater not yet initialized, retry later 
2024-05-17 12:43:46,288 [INFO] CADModel:165 - CPN selected for project level
2024-05-17 12:43:46,288 [INFO] CADModel:114 - Register for checkConnection events
2024-05-17 12:43:46,288 [FATAL] Updater:308 - Updater called before beeing initialized
2024-05-17 12:43:46,288 [ERROR] CADModel:125 - Updater not yet initialized, retry later 
2024-05-17 12:43:46,290 [FATAL] Updater:308 - Updater called before beeing initialized
2024-05-17 12:43:46,355 [FATAL] Updater:308 - Updater called before beeing initialized
2024-05-17 12:43:46,358 [INFO] DbMcusAds:53 - JSON generation date=Wed Nov 29 11:52:27 CET 2023 (1701255147349)
2024-05-17 12:43:46,358 [FATAL] Updater:308 - Updater called before beeing initialized
2024-05-17 12:43:46,384 [WARN] DetailPanel:346 - Failed to get advertising image, set to default
2024-05-17 12:43:46,449 [FATAL] Updater:308 - Updater called before beeing initialized
2024-05-17 12:43:46,451 [FATAL] Updater:308 - Updater called before beeing initialized
2024-05-17 12:43:46,451 [FATAL] Updater:308 - Updater called before beeing initialized
2024-05-17 12:43:46,451 [WARN] DetailPanel:346 - Failed to get advertising image, set to default
2024-05-17 12:43:46,451 [FATAL] Updater:308 - Updater called before beeing initialized
2024-05-17 12:43:46,480 [ERROR] Updater:1120 - MainUpdater not yet initialized. External WinMGr cannot be set.
2024-05-17 12:43:46,481 [INFO] Updater:1056 - Updater Version found : 6.10.0
2024-05-17 12:43:46,493 [INFO] ApplicationProperties:184 - Using Application install path: C:\ST\STM32CubeIDE_1.14.0\STM32CubeIDE\plugins\com.st.stm32cube.common.mx_6.10.0.202311202037
2024-05-17 12:43:48,057 [ERROR] LogOutputStream:75 - [STDERR_REDIRECT] May 17, 2024 12:43:48 PM java.util.prefs.WindowsPreferences <init>
2024-05-17 12:43:48,058 [ERROR] LogOutputStream:75 - [STDERR_REDIRECT] WARNING: Could not open/create prefs root node Software\JavaSoft\Prefs at root 0xffffffff80000002. Windows RegCreateKeyEx(...) returned error code 5.
2024-05-17 12:43:48,058 [ERROR] LogOutputStream:75 - [STDERR_REDIRECT] 
2024-05-17 12:43:48,286 [INFO] MainUpdater:2873 - connection check result : 10
2024-05-17 12:43:48,286 [INFO] MainUpdater:3567 - Updater definition file requires update
2024-05-17 12:43:48,287 [INFO] MainUpdater:290 - Updater Check For Update Now.
2024-05-17 12:43:48,287 [INFO] MicroXplorer:498 - Change Database Version : DB.6.0.100
2024-05-17 12:43:48,291 [INFO] McuFinderGlobals:63 - Set McuFinder mode to 2 (CubeIDE integrated)
2024-05-17 12:43:48,291 [INFO] UserAuth:180 - activating auth plugin
2024-05-17 12:43:48,292 [INFO] UserAuth:404 - Internet connection configuration mode: 1
2024-05-17 12:43:48,303 [INFO] JxBrowserEngine:152 - Initiate JxBrowser Engine with user profile folder
2024-05-17 12:43:48,312 [INFO] ServerAccessManage:473 - Download File updaters.zip
2024-05-17 12:43:48,382 [INFO] FileExtend:240 - Unzip File : updaters.zip
2024-05-17 12:43:48,382 [INFO] FileExtend:255 - Standard Zip Deflate
2024-05-17 12:43:48,669 [INFO] ServerAccessManage:473 - Download File PacksControlFlags.xml
2024-05-17 12:43:48,717 [WARN] MainUpdater:1194 - Updater busy. Cannot search thirdparties
2024-05-17 12:43:48,717 [INFO] ThirdPartyUpdaterWithRetryManager:96 - Updater plugin is busy. [1/15]
2024-05-17 12:43:48,727 [INFO] ServerAccessManage:473 - Download File cubemx.pidx
2024-05-17 12:43:48,943 [INFO] WebApp:161 - Instantiating new browser for Auth
2024-05-17 12:43:48,956 [INFO] ServerAccessManage:473 - Download File STMicroelectronics.FP-SNS-MOTENV1.pdsc
2024-05-17 12:43:49,258 [INFO] ServerAccessManage:473 - Download File STMicroelectronics.FP-SNS-MOTENVWB1.pdsc
2024-05-17 12:43:49,310 [INFO] WebApp:780 - Register for checkConnection events
2024-05-17 12:43:49,310 [INFO] WebApp:414 - Apply proxy settings
2024-05-17 12:43:49,310 [INFO] WebApp:499 - Chromium requires no authentication
2024-05-17 12:43:49,315 [INFO] WebApp:442 - Direct internet connection detected
2024-05-17 12:43:49,435 [INFO] WebApp:192 - Starting web application
2024-05-17 12:43:49,435 [INFO] WebApp:544 - Web application path used C:\ST\STM32CubeIDE_1.14.0\STM32CubeIDE\plugins\com.st.stm32cube.common.mx_6.10.0.202311202037\db\plugins\mcufinder\reactClient1\index.html
2024-05-17 12:43:49,456 [INFO] ServerAccessManage:473 - Download File STMicroelectronics.X-CUBE-AI.pdsc
2024-05-17 12:43:50,198 [INFO] ServerAccessManage:473 - Download File STMicroelectronics.X-CUBE-BLEMGR.pdsc
2024-05-17 12:43:50,528 [INFO] ServerAccessManage:473 - Download File STMicroelectronics.X-CUBE-FREERTOS.pdsc
2024-05-17 12:43:50,785 [INFO] ServerAccessManage:473 - Download File STMicroelectronics.X-CUBE-NFC6.pdsc
2024-05-17 12:43:50,942 [INFO] ServerAccessManage:473 - Download File STMicroelectronics.X-CUBE-SAFEA1.pdsc
2024-05-17 12:43:51,048 [INFO] ServerAccessManage:473 - Download File STMicroelectronics.X-CUBE-TCPP.pdsc
2024-05-17 12:43:51,137 [INFO] ServerAccessManage:473 - Download File STMicroelectronics.X-CUBE-TOF1.pdsc
2024-05-17 12:43:51,661 [ERROR] ServerAccessManage:1089 - Problem, file not found on Server
2024-05-17 12:43:51,718 [WARN] MainUpdater:1194 - Updater busy. Cannot search thirdparties
2024-05-17 12:43:51,718 [INFO] ThirdPartyUpdaterWithRetryManager:96 - Updater plugin is busy. [2/15]
2024-05-17 12:43:51,743 [INFO] ServerAccessManage:473 - Download File STMicroelectronics.X-CUBE-TOUCHGFX.pdsc
2024-05-17 12:43:52,534 [INFO] ServerAccessManage:473 - Download File STMicroelectronics.X-CUBE-ALGOBUILD.pdsc
2024-05-17 12:43:52,853 [INFO] ServerAccessManage:473 - Download File STMicroelectronics.X-CUBE-AZRTOS-H7RS.pdsc
2024-05-17 12:43:53,846 [INFO] ServerAccessManage:473 - Download File Cesanta.I-CUBE-Mongoose.pdsc
2024-05-17 12:43:54,679 [WARN] PackLoader:240 - Cannot read IP mode file for STMicroelectronics.FP-SNS-MOTENV1.5.0.0
2024-05-17 12:43:54,685 [WARN] PackLoader:240 - Cannot read IP mode file for STMicroelectronics.FP-SNS-MOTENVWB1.1.4.0
2024-05-17 12:43:54,715 [WARN] PackLoader:240 - Cannot read IP mode file for STMicroelectronics.X-CUBE-AI.9.0.0
2024-05-17 12:43:54,721 [WARN] MainUpdater:1194 - Updater busy. Cannot search thirdparties
2024-05-17 12:43:54,721 [INFO] ThirdPartyUpdaterWithRetryManager:96 - Updater plugin is busy. [3/15]
2024-05-17 12:43:54,723 [WARN] PackLoader:240 - Cannot read IP mode file for STMicroelectronics.X-CUBE-BLEMGR.3.1.0
2024-05-17 12:43:54,731 [WARN] PackLoader:240 - Cannot read IP mode file for STMicroelectronics.X-CUBE-FREERTOS.1.2.0
2024-05-17 12:43:54,738 [WARN] PackLoader:240 - Cannot read IP mode file for STMicroelectronics.X-CUBE-NFC6.3.1.0
2024-05-17 12:43:54,745 [WARN] PackLoader:240 - Cannot read IP mode file for STMicroelectronics.X-CUBE-SAFEA1.1.2.2
2024-05-17 12:43:54,754 [WARN] PackLoader:240 - Cannot read IP mode file for STMicroelectronics.X-CUBE-TCPP.4.1.0
2024-05-17 12:43:54,761 [WARN] PackLoader:240 - Cannot read IP mode file for STMicroelectronics.X-CUBE-TOF1.3.4.1
2024-05-17 12:43:54,771 [WARN] PackLoader:240 - Cannot read IP mode file for STMicroelectronics.X-CUBE-TOUCHGFX.4.23.2
2024-05-17 12:43:54,775 [WARN] PackLoader:240 - Cannot read IP mode file for STMicroelectronics.X-CUBE-ALGOBUILD.1.4.0
2024-05-17 12:43:54,775 [INFO] CheckServerUpdateThread:120 - End of CheckServer Thread
2024-05-17 12:43:54,787 [WARN] PackLoader:240 - Cannot read IP mode file for STMicroelectronics.X-CUBE-AZRTOS-H7RS.1.0.0
2024-05-17 12:43:54,792 [WARN] PackLoader:240 - Cannot read IP mode file for Cesanta.I-CUBE-Mongoose.7.13.0
2024-05-17 12:43:54,792 [INFO] PopulateThirdPartyThread:66 - Ending populate Thread
2024-05-17 12:43:54,794 [INFO] ThirdParty:1030 - CMSIS Pack Vendor :STMicroelectronics X-CUBE-BLEMGR 3.1.0
2024-05-17 12:43:54,794 [INFO] ThirdParty:1030 - CMSIS Pack Vendor :STMicroelectronics FP-SNS-MOTENVWB1 1.4.0
2024-05-17 12:43:54,794 [INFO] ThirdParty:1030 - CMSIS Pack Vendor :STMicroelectronics X-CUBE-ALGOBUILD 1.4.0
2024-05-17 12:43:54,794 [INFO] ThirdParty:1030 - CMSIS Pack Vendor :STMicroelectronics FP-SNS-MOTENV1 5.0.0
2024-05-17 12:43:54,794 [INFO] ThirdParty:1030 - CMSIS Pack Vendor :STMicroelectronics X-CUBE-SAFEA1 1.2.2
2024-05-17 12:43:54,794 [INFO] ThirdParty:1030 - CMSIS Pack Vendor :STMicroelectronics X-CUBE-TCPP 4.1.0
2024-05-17 12:43:54,794 [INFO] ThirdParty:1030 - CMSIS Pack Vendor :STMicroelectronics X-CUBE-AZRTOS-H7RS 1.0.0
2024-05-17 12:43:54,794 [INFO] ThirdParty:1030 - CMSIS Pack Vendor :STMicroelectronics X-CUBE-FREERTOS 1.2.0
2024-05-17 12:43:54,794 [INFO] ThirdParty:1030 - CMSIS Pack Vendor :Cesanta I-CUBE-Mongoose 7.13.0
2024-05-17 12:43:54,794 [INFO] ThirdParty:1030 - CMSIS Pack Vendor :STMicroelectronics X-CUBE-AI 9.0.0
2024-05-17 12:43:54,794 [INFO] ThirdParty:1030 - CMSIS Pack Vendor :STMicroelectronics X-CUBE-TOF1 3.4.1
2024-05-17 12:43:54,794 [INFO] ThirdParty:1030 - CMSIS Pack Vendor :STMicroelectronics X-CUBE-TOUCHGFX 4.23.2
2024-05-17 12:43:54,794 [INFO] ThirdParty:1030 - CMSIS Pack Vendor :STMicroelectronics X-CUBE-NFC6 3.1.0
2024-05-17 12:43:54,794 [INFO] LoadServerUpdatesThread:375 - End of LoadServerUpdate Thread
2024-05-17 12:43:57,864 [WARN] PackLoader:240 - Cannot read IP mode file for STMicroelectronics.FP-SNS-MOTENVWB1.1.4.0
2024-05-17 12:43:57,867 [WARN] PackLoader:240 - Cannot read IP mode file for STMicroelectronics.X-CUBE-SMBUS.2.1.0
2024-05-17 12:43:57,870 [WARN] PackLoader:240 - Cannot read IP mode file for STMicroelectronics.X-CUBE-TOUCHGFX.4.23.0
2024-05-17 12:43:57,871 [WARN] PackLoader:240 - Cannot read IP mode file for STMicroelectronics.X-CUBE-TOUCHGFX.4.23.2
2024-05-17 12:43:57,879 [WARN] PackLoader:240 - Cannot read IP mode file for STMicroelectronics.X-CUBE-AZRTOS-F7.1.1.0
2024-05-17 12:43:57,884 [WARN] PackLoader:240 - Cannot read IP mode file for STMicroelectronics.FP-SNS-MOTENV1.4.3.2
2024-05-17 12:43:57,888 [WARN] PackLoader:240 - Cannot read IP mode file for STMicroelectronics.FP-SNS-FLIGHT1.5.0.2
2024-05-17 12:43:57,892 [WARN] PackLoader:240 - Cannot read IP mode file for STMicroelectronics.X-CUBE-DISPLAY.3.0.0
2024-05-17 12:43:57,898 [WARN] PackLoader:240 - Cannot read IP mode file for STMicroelectronics.X-CUBE-BLE1.7.0.0
2024-05-17 12:43:57,903 [WARN] PackLoader:240 - Cannot read IP mode file for emotas.I-CUBE-CANOPEN.1.3.0
2024-05-17 12:43:57,909 [WARN] PackLoader:240 - Cannot read IP mode file for STMicroelectronics.X-CUBE-BLEMGR.3.1.0
2024-05-17 12:43:57,915 [WARN] PackLoader:240 - Cannot read IP mode file for STMicroelectronics.FP-SNS-SMARTAG2.1.2.0
2024-05-17 12:43:57,921 [INFO] LogOutputStream:77 - [STDOUT_REDIRECT] 1 : Invalid condition id : UX_CORESTACK_Condition cause : null
2024-05-17 12:43:57,921 [INFO] LogOutputStream:77 - [STDOUT_REDIRECT] 1 : Invalid condition id : UX_CORESTACK_Condition cause : null
2024-05-17 12:43:57,922 [INFO] LogOutputStream:77 - [STDOUT_REDIRECT] 1 : Invalid condition id : UX_CORESTACK_Condition cause : null
2024-05-17 12:43:57,923 [INFO] LogOutputStream:77 - [STDOUT_REDIRECT] 1 : Invalid condition id : UX_CORESTACK_Condition cause : null
2024-05-17 12:43:57,923 [INFO] LogOutputStream:77 - [STDOUT_REDIRECT] 1 : Invalid condition id : UX_CORESTACK_Condition cause : null
2024-05-17 12:43:57,926 [WARN] PackLoader:240 - Cannot read IP mode file for STMicroelectronics.X-CUBE-AZRTOS-WL.2.0.0
2024-05-17 12:43:57,929 [WARN] PackLoader:240 - Cannot read IP mode file for STMicroelectronics.FP-SNS-MOTENV1.5.0.0
2024-05-17 12:43:57,936 [WARN] PackLoader:240 - Cannot read IP mode file for WES.I-CUBE-Cesium.1.3.0
2024-05-17 12:43:57,941 [WARN] PackLoader:240 - Cannot read IP mode file for STMicroelectronics.X-CUBE-BLE2.3.3.0
2024-05-17 12:43:57,946 [WARN] PackLoader:240 - Cannot read IP mode file for STMicroelectronics.X-CUBE-TCPP.4.1.0
2024-05-17 12:43:57,952 [WARN] PackLoader:240 - Cannot read IP mode file for STMicroelectronics.X-CUBE-ALGOBUILD.1.3.0
2024-05-17 12:43:57,961 [WARN] PackLoader:240 - Cannot read IP mode file for STMicroelectronics.X-CUBE-AZRTOS-G0.1.1.0
2024-05-17 12:43:57,966 [WARN] PackLoader:240 - Cannot read IP mode file for STMicroelectronics.X-CUBE-SAFEA1.1.2.2
2024-05-17 12:43:57,969 [WARN] PackLoader:240 - Cannot read IP mode file for STMicroelectronics.X-CUBE-NFC4.3.0.0
2024-05-17 12:43:57,974 [WARN] PackLoader:240 - Cannot read IP mode file for STMicroelectronics.X-CUBE-BLEMGR.3.0.0
2024-05-17 12:43:57,977 [WARN] PackLoader:240 - Cannot read IP mode file for STMicroelectronics.FP-ATR-SIGFOX1.3.2.0
2024-05-17 12:43:57,981 [WARN] PackLoader:240 - Cannot read IP mode file for STMicroelectronics.X-CUBE-EEPRMA1.5.1.0
2024-05-17 12:43:57,996 [WARN] PackLoader:240 - Cannot read IP mode file for SEGGER.I-CUBE-embOS.1.3.1
2024-05-17 12:43:58,014 [WARN] PackLoader:240 - Cannot read IP mode file for STMicroelectronics.X-CUBE-ALGOBUILD.1.4.0
2024-05-17 12:43:58,018 [WARN] PackLoader:240 - Cannot read IP mode file for STMicroelectronics.X-CUBE-GNSS1.6.0.0
2024-05-17 12:43:58,026 [WARN] PackLoader:240 - Cannot read IP mode file for STMicroelectronics.X-CUBE-AZRTOS-F4.1.1.0
2024-05-17 12:43:58,031 [WARN] PackLoader:240 - Cannot read IP mode file for STMicroelectronics.X-CUBE-FREERTOS.1.2.0
2024-05-17 12:43:58,035 [WARN] PackLoader:240 - Cannot read IP mode file for wolfSSL.I-CUBE-wolfSSL.5.6.6
2024-05-17 12:43:58,043 [WARN] PackLoader:240 - Cannot read IP mode file for STMicroelectronics.X-CUBE-AZRTOS-L5.2.0.0
2024-05-17 12:43:58,047 [WARN] PackLoader:240 - Cannot read IP mode file for STMicroelectronics.X-CUBE-EEPRMA1.4.2.0
2024-05-17 12:43:58,051 [WARN] PackLoader:240 - Cannot read IP mode file for STMicroelectronics.X-CUBE-NFC6.3.1.0
2024-05-17 12:43:58,055 [WARN] PackLoader:240 - Cannot read IP mode file for ITTIA_DB.I-CUBE-ITTIADB.8.8.0
2024-05-17 12:43:58,058 [WARN] PackLoader:240 - Cannot read IP mode file for STMicroelectronics.X-CUBE-AI.9.0.0
2024-05-17 12:43:58,061 [WARN] PackLoader:240 - Cannot read IP mode file for STMicroelectronics.X-CUBE-NFC7.1.0.1
2024-05-17 12:43:58,065 [WARN] PackLoader:240 - Cannot read IP mode file for STMicroelectronics.X-CUBE-NFC6.3.0.0
2024-05-17 12:43:58,067 [WARN] PackLoader:240 - Cannot read IP mode file for STMicroelectronics.X-CUBE-AI.8.1.0
2024-05-17 12:43:58,078 [WARN] ConditionMgr:438 - getConditionDescription Invalid condition id : LAN8742 Phy interface Condition cause : null
2024-05-17 12:43:58,078 [WARN] PackLoader:240 - Cannot read IP mode file for STMicroelectronics.X-CUBE-AZRTOS-L4.2.0.0
2024-05-17 12:43:58,079 [WARN] ConditionMgr:1039 - genDependencies : Invalid condition id : LAN8742 Phy interface Condition cause : null
2024-05-17 12:43:58,079 [WARN] ConditionMgr:1039 - genDependencies : Invalid condition id : LAN8742 Phy interface Condition cause : null
2024-05-17 12:43:58,079 [WARN] ConditionMgr:1039 - genDependencies : Invalid condition id : LAN8742 Phy interface Condition cause : null
2024-05-17 12:43:58,084 [WARN] PackLoader:240 - Cannot read IP mode file for STMicroelectronics.X-CUBE-SFXS2LP1.4.0.0
2024-05-17 12:43:58,091 [WARN] ConditionMgr:438 - getConditionDescription Invalid condition id : UX DEVICE CLASS RTOS Condition cause : null
2024-05-17 12:43:58,091 [WARN] ConditionMgr:438 - getConditionDescription Invalid condition id : UX DEVICE CLASS RTOS Condition cause : null
2024-05-17 12:43:58,092 [WARN] PackLoader:240 - Cannot read IP mode file for STMicroelectronics.X-CUBE-AZRTOS-WB.2.0.0
2024-05-17 12:43:58,092 [WARN] ConditionMgr:1039 - genDependencies : Invalid condition id : UX DEVICE CLASS RTOS Condition cause : null
2024-05-17 12:43:58,093 [WARN] ConditionMgr:1039 - genDependencies : Invalid condition id : UX DEVICE CLASS RTOS Condition cause : null
2024-05-17 12:43:58,093 [WARN] ConditionMgr:1039 - genDependencies : Invalid condition id : UX DEVICE CLASS RTOS Condition cause : null
2024-05-17 12:43:58,093 [WARN] ConditionMgr:1039 - genDependencies : Invalid condition id : UX DEVICE CLASS RTOS Condition cause : null
2024-05-17 12:43:58,093 [WARN] ConditionMgr:1039 - genDependencies : Invalid condition id : UX DEVICE CLASS RTOS Condition cause : null
2024-05-17 12:43:58,101 [WARN] PackLoader:240 - Cannot read IP mode file for STMicroelectronics.X-CUBE-SUBG2.5.0.0
2024-05-17 12:43:58,106 [WARN] PackLoader:240 - Cannot read IP mode file for Cesanta.I-CUBE-Mongoose.7.13.0
2024-05-17 12:43:58,113 [WARN] PackLoader:240 - Cannot read IP mode file for STMicroelectronics.X-CUBE-AZRTOS-G4.2.0.0
2024-05-17 12:43:58,120 [WARN] PackLoader:240 - Cannot read IP mode file for Infineon.AIROC-Wi-Fi-Bluetooth-STM32.1.5.1
2024-05-17 12:43:58,124 [WARN] PackLoader:240 - Cannot read IP mode file for STMicroelectronics.FP-SNS-MOTENVWB1.1.3.1
2024-05-17 12:43:58,128 [WARN] PackLoader:240 - Cannot read IP mode file for STMicroelectronics.X-CUBE-ISPU.2.0.0
2024-05-17 12:43:58,145 [WARN] PackLoader:240 - Cannot read IP mode file for STMicroelectronics.X-CUBE-MEMS1.10.0.0
2024-05-17 12:43:58,198 [WARN] PackLoader:240 - Cannot read IP mode file for STMicroelectronics.X-CUBE-FREERTOS.1.1.0
2024-05-17 12:43:58,202 [WARN] PackLoader:240 - Cannot read IP mode file for portGmbH.I-Cube-SoM-uGOAL.1.1.0
2024-05-17 12:43:58,205 [WARN] PackLoader:240 - Cannot read IP mode file for STMicroelectronics.X-CUBE-ALS.1.0.1
2024-05-17 12:43:58,213 [WARN] PackLoader:240 - Cannot read IP mode file for STMicroelectronics.X-CUBE-AZRTOS-H7RS.1.0.0
2024-05-17 12:43:58,217 [WARN] PackLoader:240 - Cannot read IP mode file for STMicroelectronics.FP-ATR-ASTRA1.2.0.0
2024-05-17 12:43:58,223 [WARN] PackLoader:240 - Cannot read IP mode file for STMicroelectronics.X-CUBE-TOF1.3.4.0
2024-05-17 12:43:58,231 [WARN] PackLoader:240 - Cannot read IP mode file for STMicroelectronics.X-CUBE-TOF1.3.4.1
2024-05-17 12:43:58,244 [WARN] PackLoader:240 - Cannot read IP mode file for STMicroelectronics.X-CUBE-AZRTOS-H7.3.2.0
2024-05-17 12:43:58,246 [INFO] ThirdParty:978 - Integrity check success = true
2024-05-17 12:43:58,246 [INFO] IntegrityCheckThread:100 - exiting critical section [integrity check]
2024-05-17 12:43:58,246 [INFO] IntegrityCheckThread:103 - End integrity checks thread
2024-05-17 12:44:09,874 [ERROR] LogOutputStream:75 - [STDERR_REDIRECT] SLF4J: Failed to load class "org.slf4j.impl.StaticLoggerBinder".
2024-05-17 12:44:09,874 [ERROR] LogOutputStream:75 - [STDERR_REDIRECT] SLF4J: Defaulting to no-operation (NOP) logger implementation
2024-05-17 12:44:09,875 [ERROR] LogOutputStream:75 - [STDERR_REDIRECT] SLF4J: See http://www.slf4j.org/codes.html#StaticLoggerBinder for further details.
2024-05-17 12:44:43,782 [ERROR] LogOutputStream:75 - [STDERR_REDIRECT] 
